

<!DOCTYPE html>
<html>
<head>
<meta charset="UTF-8">
<meta name="viewport" content="width=device-width, initial-scale=1, shrink-to-fit=no">
<title></title>
<link rel="apple-touch-icon" href="https://cdn.jsdelivr.net/gh/extent-framework/extent-github-cdn@b00a2d0486596e73dd7326beacf352c639623a0e/commons/img/logo.png">
<link rel="shortcut icon" href="https://cdn.jsdelivr.net/gh/extent-framework/extent-github-cdn@b00a2d0486596e73dd7326beacf352c639623a0e/commons/img/logo.png">
<link href="https://cdn.jsdelivr.net/gh/extent-framework/extent-github-cdn@d6562a79075e061305ccfdb82f01e5e195e2d307/spark/css/spark-style.css" rel="stylesheet" />
<link href="https://stackpath.bootstrapcdn.com/font-awesome/4.7.0/css/font-awesome.min.css" rel="stylesheet">
<script src="https://cdn.jsdelivr.net/gh/extent-framework/extent-github-cdn@7cc78ce/spark/js/jsontree.js"></script>
<style type="text/css"></style></head><body class="spa bdd-report standard">
  <div class="app">
    <div class="layout">
<div class="header navbar">
<div class="vheader">
<div class="nav-logo">
<a href="#">
<div class="logo" style="background-image: url('https://cdn.jsdelivr.net/gh/extent-framework/extent-github-cdn@b00a2d0486596e73dd7326beacf352c639623a0e/commons/img/logo.png')"></div>
</a>
</div>
<ul class="nav-left">
<li class="search-box">
<a class="search-toggle" href="#">
<i class="search-icon fa fa-search"></i>
<i class="search-icon-close fa fa-close"></i>
</a>
</li>
<li class="search-input"><input id="search-tests" class="form-control" type="text" placeholder="Search..."></li>
</ul>
<ul class="nav-right">
<li class="m-r-10">
<a href="#"><span class="badge badge-primary"></span></a>
</li>
<li class="m-r-10">
<a href="#"><span class="badge badge-primary">Feb 3, 2023 02:35:06 PM</span></a>
</li>
</ul>
</div>
</div><div class="side-nav">
<div class="side-nav-inner">
<ul class="side-nav-menu">
<li class="nav-item dropdown" onclick="toggleView('test-view')">
<a id="nav-test" class="dropdown-toggle" href="#">
<span class="ico"><i class="fa fa-list"></i></span>
</a>
</li>
<li class="nav-item dropdown" onclick="toggleView('exception-view')">
<a id="nav-exception" class="dropdown-toggle" href="#">
<span class="ico"><i class="fa fa-bug"></i></span>
</a>
</li>
<li class="nav-item dropdown" onclick="toggleView('category-view')">
<a id="nav-category" class="dropdown-toggle" href="#">
<span class="ico"><i class="fa fa-tag"></i></span>
</a>
</li>
<li class="nav-item dropdown" onclick="toggleView('dashboard-view')">
<a id="nav-dashboard" class="dropdown-toggle" href="#">
<span class="ico"><i class="fa fa-bar-chart"></i></span>
</a>
</li>
</ul>
</div>
</div>      <div class="vcontainer">
        <div class="main-content">
<div class="test-wrapper row view test-view">
  <div class="test-list">
    <div class="test-list-tools">
<ul class="tools pull-left">
<li><a href="#"><span class="font-size-14">Tests</span></a></li>
</ul>
<ul class="tools text-right">
<li class="dropdown">
<a href="#" class="dropdown-toggle" data-toggle="dropdown"><i class="fa fa-exclamation-circle"></i></a>
<ul id="status-toggle" class="dropdown-menu dropdown-md p-v-0">
<a class="dropdown-item" status="pass" href="#"><span>Pass</span><span class="status success"></span></a>
<a class="dropdown-item" status="fail" href="#"><span>Fail</span><span class="status danger"></span></a>
<div class="dropdown-divider"></div>
<a status="clear" class="dropdown-item" href="#"><span>Clear</span><span class="pull-right"><i class="fa fa-close"></i></span></a>
</ul>
</li>
<li class="dropdown">
<a href="#" class="dropdown-toggle" data-toggle="dropdown"><i class="fa fa-tag"></i></a>
<ul id="tag-toggle" class="dropdown-menu dropdown-md p-v-0">
<a class="dropdown-item" href="#">@tag3</a><a class="dropdown-item" href="#">@vip</a><a class="dropdown-item" href="#">@tag1</a><a class="dropdown-item" href="#">@t1</a><a class="dropdown-item" href="#">@settings</a><a class="dropdown-item" href="#">@logout</a><a class="dropdown-item" href="#">@common</a><a class="dropdown-item" href="#">@tag2</a><a class="dropdown-item" href="#">@vip2</a>
</ul>
</li>
</ul>
</div>    <div class="test-list-wrapper scrollable">
      <ul class="test-list-item">
        <li class="test-item"  status="pass" test-id="1"
          author=""
          tag=""
          device="">
          <div class="test-detail">
            <p class="name">Test functionality of Card page</p>
            <p class="text-sm">
              <span>2:35:06 PM</span> / <span>00:01:14:785</span>
              <span class="badge pass-bg log float-right">Pass</span>
            </p>
          </div>
          <div class="test-contents d-none">
<div class="detail-head">
<div class="p-v-10">
<div class="info">
<h5 class="test-status text-pass">Test functionality of Card page</h5>
<span class='badge badge-success'>02.03.2023 2:35:06 PM</span>
<span class='badge badge-danger'>02.03.2023 2:36:21 PM</span>
<span class='badge badge-default'>00:01:14:785</span>
&middot; <span class='uri-anchor badge badge-default'>#test-id=1</span>
<span class='badge badge-default pointer float-right ml-1 et'><i class="fa fa-chevron-down"></i></span>
<span class='badge badge-default pointer float-right ct'><i class="fa fa-chevron-up"></i></span>
</div>
<div class="m-t-10 m-l-5"></div>
</div>
</div>
<div class="accordion mt-4">
  <div class="card">
    <div class="card-header" role="tab">
      <div class="card-title">
        <div class="node" id="2"><span class="badge log pass-bg mr-2">Pass</span>Verify Load Functionality of Physical Card</div>
      </div>
    </div>
        <div class="collapse">
          <div class="card-body">
              <div class="step pass-bg" title="StepDefinations.LoginStep.a_valid_url()">
                <span>Given a valid url</span>
      <div>
      </div>
              </div>
              <div class="step pass-bg" title="StepDefinations.Cards_Step.user_clicks_on_Cards_on_side_menu()">
                <span>When user clicks on cards on side menu</span>
      <div>
      </div>
              </div>
              <div class="step pass-bg" title="StepDefinations.Cards_Step.user_clicks_on_physical_card()">
                <span>And user clicks on physical card</span>
      <div>
      </div>
              </div>
              <div class="step pass-bg" title="StepDefinations.Cards_Step.user_clicks_on_load_tab()">
                <span>And user clicks on load tab</span>
      <div>
      </div>
              </div>
              <div class="step pass-bg" title="StepDefinations.Cards_Step.user_enters_amount_to_load(java.lang.String)">
                <span>And user enters amount to load "180"</span>
      <div>
      </div>
              </div>
              <div class="step pass-bg" title="StepDefinations.Cards_Step.user_checks_overview()">
                <span>And user checks overview</span>
      <div>
      </div>
              </div>
              <div class="step pass-bg" title="StepDefinations.Cards_Step.user_clicks_confirm_button()">
                <span>And user clicks confirm button</span>
      <div>
      </div>
              </div>
              <div class="step pass-bg" title="StepDefinations.Cards_Step.user_provides_otp_and_clicks_confirm_button_again()">
                <span>And user provides otp and clicks confirm button again</span>
      <div>
      </div>
              </div>
              <div class="step pass-bg" title="StepDefinations.Cards_Step.user_checks_transfer_success_message_and_press_ok_button()">
                <span>And user checks transfer success message and press ok button</span>
      <div>
      </div>
              </div>
              <div class="step pass-bg" title="StepDefinations.Cards_Step.user_should_redirect_back_to_physical_card_page()">
                <span>Then user should redirect back to physical card page</span>
      <div>
      </div>
              </div>
          </div>
        </div>
  </div>
</div>
          </div>
        </li>
        <li class="test-item"  status="fail" test-id="14"
          author=""
          tag=""
          device="">
          <div class="test-detail">
            <p class="name">Functionality Test For Concierge Feature</p>
            <p class="text-sm">
              <span>2:36:22 PM</span> / <span>00:01:23:457</span>
              <span class="badge fail-bg log float-right">Fail</span>
            </p>
          </div>
          <div class="test-contents d-none">
<div class="detail-head">
<div class="p-v-10">
<div class="info">
<h5 class="test-status text-fail">Functionality Test For Concierge Feature</h5>
<span class='badge badge-success'>02.03.2023 2:36:22 PM</span>
<span class='badge badge-danger'>02.03.2023 2:37:45 PM</span>
<span class='badge badge-default'>00:01:23:457</span>
&middot; <span class='uri-anchor badge badge-default'>#test-id=14</span>
<span class='badge badge-default pointer float-right ml-1 et'><i class="fa fa-chevron-down"></i></span>
<span class='badge badge-default pointer float-right ct'><i class="fa fa-chevron-up"></i></span>
</div>
<div class="m-t-10 m-l-5"></div>
</div>
</div>
<div class="accordion mt-4">
  <div class="card">
    <div class="card-header" role="tab">
      <div class="card-title">
        <div class="node" id="15"><span class="badge log fail-bg mr-2">Fail</span>Verify Concierge Page</div>
          <div class="status-avatar float-right mr-4">
            <i class="fa fa-paperclip"></i>
          </div>
      </div>
    </div>
        <div class="">
          <div class="card-body">
              <div class="step pass-bg" title="StepDefinations.LoginStep.a_valid_url()">
                <span>Given a valid url</span>
      <div>
      </div>
              </div>
              <div class="step fail-bg" title="StepDefinations.ConciergeStep.user_click_on_concierge_button()">
                <span>When user click on concierge button</span>
      <div>
        <textarea disabled class="code-block">org.openqa.selenium.NoSuchElementException: no such element: Unable to locate element: {"method":"xpath","selector":"//*[@id="root"]/div/div/div/div/div/div[1]/div/div/div[2]/ul[1]/div[6]"}
  (Session info: chrome=109.0.5414.120)
For documentation on this error, please visit: https://www.seleniumhq.org/exceptions/no_such_element.html
Build info: version: '3.141.59', revision: 'e82be7d358', time: '2018-11-14T08:17:03'
System info: host: 'SRI-LP-01054', ip: '192.168.1.154', os.name: 'Windows 10', os.arch: 'amd64', os.version: '10.0', java.version: '19.0.1'
Driver info: org.openqa.selenium.chrome.ChromeDriver
Capabilities {acceptInsecureCerts: false, browserName: chrome, browserVersion: 109.0.5414.120, chrome: {chromedriverVersion: 109.0.5414.74 (e7c5703604da..., userDataDir: C:\Users\AbidReza\AppData\L...}, goog:chromeOptions: {debuggerAddress: localhost:56781}, javascriptEnabled: true, networkConnectionEnabled: false, pageLoadStrategy: normal, platform: WINDOWS, platformName: WINDOWS, proxy: Proxy(), setWindowRect: true, strictFileInteractability: false, timeouts: {implicit: 0, pageLoad: 300000, script: 30000}, unhandledPromptBehavior: dismiss and notify, webauthn:extension:credBlob: true, webauthn:extension:largeBlob: true, webauthn:virtualAuthenticators: true}
Session ID: cb1fb1729c716d2462fefaa849e1a3b2
*** Element info: {Using=xpath, value=//*[@id="root"]/div/div/div/div/div/div[1]/div/div/div[2]/ul[1]/div[6]}
	at java.base/jdk.internal.reflect.DirectConstructorHandleAccessor.newInstance(DirectConstructorHandleAccessor.java:67)
	at java.base/java.lang.reflect.Constructor.newInstanceWithCaller(Constructor.java:500)
	at java.base/java.lang.reflect.Constructor.newInstance(Constructor.java:484)
	at org.openqa.selenium.remote.http.W3CHttpResponseCodec.createException(W3CHttpResponseCodec.java:187)
	at org.openqa.selenium.remote.http.W3CHttpResponseCodec.decode(W3CHttpResponseCodec.java:122)
	at org.openqa.selenium.remote.http.W3CHttpResponseCodec.decode(W3CHttpResponseCodec.java:49)
	at org.openqa.selenium.remote.HttpCommandExecutor.execute(HttpCommandExecutor.java:158)
	at org.openqa.selenium.remote.service.DriverCommandExecutor.execute(DriverCommandExecutor.java:83)
	at org.openqa.selenium.remote.RemoteWebDriver.execute(RemoteWebDriver.java:552)
	at org.openqa.selenium.remote.RemoteWebDriver.findElement(RemoteWebDriver.java:323)
	at org.openqa.selenium.remote.RemoteWebDriver.findElementByXPath(RemoteWebDriver.java:428)
	at org.openqa.selenium.By$ByXPath.findElement(By.java:353)
	at org.openqa.selenium.remote.RemoteWebDriver.findElement(RemoteWebDriver.java:315)
	at org.openqa.selenium.support.pagefactory.DefaultElementLocator.findElement(DefaultElementLocator.java:69)
	at org.openqa.selenium.support.pagefactory.internal.LocatingElementHandler.invoke(LocatingElementHandler.java:38)
	at jdk.proxy2/jdk.proxy2.$Proxy22.click(Unknown Source)
	at Utility.CommonPageMethods.click(CommonPageMethods.java:24)
	at Pages.ConciergePage.ConciergeButton(ConciergePage.java:30)
	at StepDefinations.ConciergeStep.user_click_on_concierge_button(ConciergeStep.java:37)
	at ✽.user click on concierge button(file:///E:/Work/Spring_Rain/PortalAutomation/src/test/resources/Features/Concierge/Concierge.feature:6)
</textarea>
      
      </div>
              </div>
              <div class="step skip-bg" title="StepDefinations.ConciergeStep.input_a_message_on_chat_area()">
                <span>And input a message on chat area</span>
      <div>Step skipped
      </div>
              </div>
              <div class="step skip-bg" title="StepDefinations.ConciergeStep.user_hit_the_send_button()">
                <span>And user hit the send button</span>
      <div>Step skipped
      </div>
              </div>
              <div class="step skip-bg" title="StepDefinations.ConciergeStep.user_should_see_the_message_on_concierge_board()">
                <span>Then user should see the message on concierge board</span>
      <div>Step skipped
      </div>
              </div>
              <div class="step pass-bg" title="AFTER">
                <span>StepDefinations.LoginStep.takeScraenshotOnFailure(io.cucumber.java.Scenario)</span>
      <div>Verify Concierge Page
          <div class="row mb-3"><div class="col-md-3">
<img data-featherlight='../Screenshots/embedded1.png' src="../Screenshots/embedded1.png">
    
    </div></div>
</div>
      <div>
      </div>
              </div>
          </div>
        </div>
  </div>
</div>
          </div>
        </li>
        <li class="test-item"  status="pass" test-id="22"
          author=""
          tag=""
          device="">
          <div class="test-detail">
            <p class="name">Functionality Test For Instance Rewards Feature</p>
            <p class="text-sm">
              <span>2:37:45 PM</span> / <span>00:05:07:243</span>
              <span class="badge pass-bg log float-right">Pass</span>
            </p>
          </div>
          <div class="test-contents d-none">
<div class="detail-head">
<div class="p-v-10">
<div class="info">
<h5 class="test-status text-pass">Functionality Test For Instance Rewards Feature</h5>
<span class='badge badge-success'>02.03.2023 2:37:45 PM</span>
<span class='badge badge-danger'>02.03.2023 2:42:53 PM</span>
<span class='badge badge-default'>00:05:07:243</span>
&middot; <span class='uri-anchor badge badge-default'>#test-id=22</span>
<span class='badge badge-default pointer float-right ml-1 et'><i class="fa fa-chevron-down"></i></span>
<span class='badge badge-default pointer float-right ct'><i class="fa fa-chevron-up"></i></span>
</div>
<div class="m-t-10 m-l-5"></div>
</div>
</div>
<div class="accordion mt-4">
  <div class="card">
    <div class="card-header" role="tab">
      <div class="card-title">
        <div class="node" id="23"><span class="badge log pass-bg mr-2">Pass</span>Verify Instance Rewards Option</div>
      </div>
    </div>
        <div class="collapse">
          <div class="card-body">
              <div class="step pass-bg" title="StepDefinations.LoginStep.a_valid_url()">
                <span>Given a valid url</span>
      <div>
      </div>
              </div>
              <div class="step pass-bg" title="StepDefinations.InstanceRewardsStep.user_click_instance_option()">
                <span>When user click on instance rewards options</span>
      <div>
      </div>
              </div>
              <div class="step pass-bg" title="StepDefinations.InstanceRewardsStep.user_select_card_for_reward()">
                <span>And user will choose card from card option</span>
      <div>
      </div>
              </div>
              <div class="step pass-bg" title="StepDefinations.InstanceRewardsStep.user_will_click_select_button()">
                <span>And user will click select button from the card list</span>
      <div>
      </div>
              </div>
              <div class="step pass-bg" title="StepDefinations.InstanceRewardsStep.user_should_see_the_booking_page()">
                <span>Then user should see the payment method page</span>
      <div>
      </div>
              </div>
          </div>
        </div>
  </div>
  <div class="card">
    <div class="card-header" role="tab">
      <div class="card-title">
        <div class="node" id="30"><span class="badge log pass-bg mr-2">Pass</span>Verify Payment Methode Work Perfectly</div>
      </div>
    </div>
        <div class="collapse">
          <div class="card-body">
              <div class="step pass-bg" title="StepDefinations.LoginStep.a_valid_url()">
                <span>Given a valid url</span>
      <div>
      </div>
              </div>
              <div class="step pass-bg" title="StepDefinations.InstanceRewardsStep.user_in_the_payment_methode()">
                <span>When user in the payment methode</span>
      <div>
      </div>
              </div>
              <div class="step pass-bg" title="StepDefinations.InstanceRewardsStep.user_input_some_text()">
                <span>And user input some text if need</span>
      <div>
      </div>
              </div>
              <div class="step pass-bg" title="StepDefinations.InstanceRewardsStep.user_select_wallet()">
                <span>And user select wallet from wallet list</span>
      <div>
      </div>
              </div>
              <div class="step pass-bg" title="StepDefinations.InstanceRewardsStep.user_click_on_redeem_button()">
                <span>And user click on redeem button</span>
      <div>
      </div>
              </div>
              <div class="step pass-bg" title="StepDefinations.InstanceRewardsStep.user_click_on_order_button()">
                <span>And user click on see order button</span>
      <div>
      </div>
              </div>
              <div class="step pass-bg" title="StepDefinations.InstanceRewardsStep.user_should_see_payment_success_page()">
                <span>Then user should see the order successful page</span>
      <div>
      </div>
              </div>
          </div>
        </div>
  </div>
  <div class="card">
    <div class="card-header" role="tab">
      <div class="card-title">
        <div class="node" id="39"><span class="badge log pass-bg mr-2">Pass</span>Verify Reward Is Successfully Done</div>
      </div>
    </div>
        <div class="collapse">
          <div class="card-body">
              <div class="step pass-bg" title="StepDefinations.LoginStep.a_valid_url()">
                <span>Given a valid url</span>
      <div>
      </div>
              </div>
              <div class="step pass-bg" title="StepDefinations.InstanceRewardsStep.user_in_successful_rewards_page()">
                <span>When user in successful rewards page</span>
      <div>
      </div>
              </div>
              <div class="step pass-bg" title="StepDefinations.InstanceRewardsStep.user_click_on_close_button()">
                <span>And user click on close button</span>
      <div>
      </div>
              </div>
              <div class="step pass-bg" title="StepDefinations.InstanceRewardsStep.user_click_on_your_rewards_tab()">
                <span>And user click on your rewards tab</span>
      <div>
      </div>
              </div>
              <div class="step pass-bg" title="StepDefinations.InstanceRewardsStep.user_should_see_his_reward_cards()">
                <span>Then user should see his reward cards</span>
      <div>
      </div>
              </div>
          </div>
        </div>
  </div>
</div>
          </div>
        </li>
        <li class="test-item"  status="pass" test-id="46"
          author=""
          tag=""
          device="">
          <div class="test-detail">
            <p class="name">Test Log Out Functionality</p>
            <p class="text-sm">
              <span>2:42:53 PM</span> / <span>00:00:20:097</span>
              <span class="badge pass-bg log float-right">Pass</span>
            </p>
          </div>
          <div class="test-contents d-none">
<div class="detail-head">
<div class="p-v-10">
<div class="info">
<h5 class="test-status text-pass">Test Log Out Functionality</h5>
<span class='badge badge-success'>02.03.2023 2:42:53 PM</span>
<span class='badge badge-danger'>02.03.2023 2:43:13 PM</span>
<span class='badge badge-default'>00:00:20:097</span>
&middot; <span class='uri-anchor badge badge-default'>#test-id=46</span>
<span class='badge badge-default pointer float-right ml-1 et'><i class="fa fa-chevron-down"></i></span>
<span class='badge badge-default pointer float-right ct'><i class="fa fa-chevron-up"></i></span>
</div>
<div class="m-t-10 m-l-5"></div>
</div>
</div>
<div class="accordion mt-4">
  <div class="card">
    <div class="card-header" role="tab">
      <div class="card-title">
        <div class="node" id="47"><span class="badge log pass-bg mr-2">Pass</span>Verify Logout Functionality</div>
      </div>
    </div>
        <div class="collapse">
          <div class="card-body">
              <div class="step pass-bg" title="StepDefinations.LoginStep.a_valid_url()">
                <span>Given a valid url</span>
      <div>
      </div>
              </div>
              <div class="step pass-bg" title="StepDefinations.LogOutStep.user_clicks_on_logout_button()">
                <span>When user clicks on logout button</span>
      <div>
      </div>
              </div>
          </div>
        </div>
  </div>
</div>
          </div>
        </li>
        <li class="test-item"  status="fail" test-id="51"
          author=""
          tag=""
          device="">
          <div class="test-detail">
            <p class="name">Test Settings Functionality</p>
            <p class="text-sm">
              <span>2:43:13 PM</span> / <span>00:05:35:701</span>
              <span class="badge fail-bg log float-right">Fail</span>
            </p>
          </div>
          <div class="test-contents d-none">
<div class="detail-head">
<div class="p-v-10">
<div class="info">
<h5 class="test-status text-fail">Test Settings Functionality</h5>
<span class='badge badge-success'>02.03.2023 2:43:13 PM</span>
<span class='badge badge-danger'>02.03.2023 2:48:49 PM</span>
<span class='badge badge-default'>00:05:35:701</span>
&middot; <span class='uri-anchor badge badge-default'>#test-id=51</span>
<span class='badge badge-default pointer float-right ml-1 et'><i class="fa fa-chevron-down"></i></span>
<span class='badge badge-default pointer float-right ct'><i class="fa fa-chevron-up"></i></span>
</div>
<div class="m-t-10 m-l-5"></div>
</div>
</div>
<div class="accordion mt-4">
  <div class="card">
    <div class="card-header" role="tab">
      <div class="card-title">
        <div class="node" id="52"><span class="badge log pass-bg mr-2">Pass</span>Verify Password Change Functionality</div>
      </div>
    </div>
        <div class="collapse">
          <div class="card-body">
              <div class="step pass-bg" title="StepDefinations.LoginStep.a_valid_url()">
                <span>Given a valid url</span>
      <div>
      </div>
              </div>
              <div class="step pass-bg" title="StepDefinations.Settings_Step.user_clicks_on_settings_button()">
                <span>When user clicks on settings button</span>
      <div>
      </div>
              </div>
              <div class="step pass-bg" title="StepDefinations.Settings_Step.user_clicks_on_change_password()">
                <span>And user clicks on change password</span>
      <div>
      </div>
              </div>
              <div class="step pass-bg" title="StepDefinations.Settings_Step.user_inputs_current_password()">
                <span>And user inputs current password</span>
      <div>
      </div>
              </div>
              <div class="step pass-bg" title="StepDefinations.Settings_Step.user_inputs_new_password()">
                <span>And user inputs new password</span>
      <div>
      </div>
              </div>
              <div class="step pass-bg" title="StepDefinations.Settings_Step.user_clicks_on_change_password_button()">
                <span>And user clicks on change password button</span>
      <div>
      </div>
              </div>
              <div class="step pass-bg" title="StepDefinations.Settings_Step.user_inputs_otp_and_clicks_on_confirm_button()">
                <span>And user inputs otp and clicks on confirm button</span>
      <div>
      </div>
              </div>
              <div class="step pass-bg" title="StepDefinations.Settings_Step.success_message_should_appear()">
                <span>And success message should appear</span>
      <div>
      </div>
              </div>
              <div class="step pass-bg" title="StepDefinations.Settings_Step.user_should_be_able_to_login_using_new_password()">
                <span>And user should be able to login using new password</span>
      <div>
      </div>
              </div>
              <div class="step pass-bg" title="StepDefinations.Settings_Step.user_will_change_password_again()">
                <span>Then user will change password again</span>
      <div>
      </div>
              </div>
          </div>
        </div>
  </div>
  <div class="card">
    <div class="card-header" role="tab">
      <div class="card-title">
        <div class="node" id="64"><span class="badge log fail-bg mr-2">Fail</span>Verify Change Billing Method to Automatic</div>
          <div class="status-avatar float-right mr-4">
            <i class="fa fa-paperclip"></i>
          </div>
      </div>
    </div>
        <div class="">
          <div class="card-body">
              <div class="step pass-bg" title="StepDefinations.LoginStep.a_valid_url()">
                <span>Given a valid url</span>
      <div>
      </div>
              </div>
              <div class="step pass-bg" title="StepDefinations.Settings_Step.user_is_on_settings_page()">
                <span>When user is on settings page</span>
      <div>
      </div>
              </div>
              <div class="step fail-bg" title="StepDefinations.Settings_Step.user_clicks_on_change_billing_method()">
                <span>And user clicks on change billing method</span>
      <div>
        <textarea disabled class="code-block">org.openqa.selenium.NoSuchElementException: no such element: Unable to locate element: {"method":"xpath","selector":"//span[contains(text(),'change billing method')]"}
  (Session info: chrome=109.0.5414.120)
For documentation on this error, please visit: https://www.seleniumhq.org/exceptions/no_such_element.html
Build info: version: '3.141.59', revision: 'e82be7d358', time: '2018-11-14T08:17:03'
System info: host: 'SRI-LP-01054', ip: '192.168.1.154', os.name: 'Windows 10', os.arch: 'amd64', os.version: '10.0', java.version: '19.0.1'
Driver info: org.openqa.selenium.chrome.ChromeDriver
Capabilities {acceptInsecureCerts: false, browserName: chrome, browserVersion: 109.0.5414.120, chrome: {chromedriverVersion: 109.0.5414.74 (e7c5703604da..., userDataDir: C:\Users\AbidReza\AppData\L...}, goog:chromeOptions: {debuggerAddress: localhost:56781}, javascriptEnabled: true, networkConnectionEnabled: false, pageLoadStrategy: normal, platform: WINDOWS, platformName: WINDOWS, proxy: Proxy(), setWindowRect: true, strictFileInteractability: false, timeouts: {implicit: 0, pageLoad: 300000, script: 30000}, unhandledPromptBehavior: dismiss and notify, webauthn:extension:credBlob: true, webauthn:extension:largeBlob: true, webauthn:virtualAuthenticators: true}
Session ID: cb1fb1729c716d2462fefaa849e1a3b2
*** Element info: {Using=xpath, value=//span[contains(text(),'change billing method')]}
	at java.base/jdk.internal.reflect.DirectConstructorHandleAccessor.newInstance(DirectConstructorHandleAccessor.java:67)
	at java.base/java.lang.reflect.Constructor.newInstanceWithCaller(Constructor.java:500)
	at java.base/java.lang.reflect.Constructor.newInstance(Constructor.java:484)
	at org.openqa.selenium.remote.http.W3CHttpResponseCodec.createException(W3CHttpResponseCodec.java:187)
	at org.openqa.selenium.remote.http.W3CHttpResponseCodec.decode(W3CHttpResponseCodec.java:122)
	at org.openqa.selenium.remote.http.W3CHttpResponseCodec.decode(W3CHttpResponseCodec.java:49)
	at org.openqa.selenium.remote.HttpCommandExecutor.execute(HttpCommandExecutor.java:158)
	at org.openqa.selenium.remote.service.DriverCommandExecutor.execute(DriverCommandExecutor.java:83)
	at org.openqa.selenium.remote.RemoteWebDriver.execute(RemoteWebDriver.java:552)
	at org.openqa.selenium.remote.RemoteWebDriver.findElement(RemoteWebDriver.java:323)
	at org.openqa.selenium.remote.RemoteWebDriver.findElementByXPath(RemoteWebDriver.java:428)
	at org.openqa.selenium.By$ByXPath.findElement(By.java:353)
	at org.openqa.selenium.remote.RemoteWebDriver.findElement(RemoteWebDriver.java:315)
	at org.openqa.selenium.support.pagefactory.DefaultElementLocator.findElement(DefaultElementLocator.java:69)
	at org.openqa.selenium.support.pagefactory.internal.LocatingElementHandler.invoke(LocatingElementHandler.java:38)
	at jdk.proxy2/jdk.proxy2.$Proxy22.click(Unknown Source)
	at Pages.Settings_Page.changeBillingMethod(Settings_Page.java:190)
	at StepDefinations.Settings_Step.user_clicks_on_change_billing_method(Settings_Step.java:107)
	at ✽.user clicks on change billing method(file:///E:/Work/Spring_Rain/PortalAutomation/src/test/resources/Features/Settings/Settings.feature:19)
</textarea>
      
      </div>
              </div>
              <div class="step skip-bg" title="StepDefinations.Settings_Step.user_selects_automatic_from_method_dropdown()">
                <span>And user selects automatic from method dropdown</span>
      <div>Step skipped
      </div>
              </div>
              <div class="step skip-bg" title="StepDefinations.Settings_Step.clicks_on_save_button()">
                <span>And clicks on save button</span>
      <div>Step skipped
      </div>
              </div>
              <div class="step skip-bg" title="StepDefinations.Settings_Step.automatic_should_show_in_settings_page()">
                <span>Then automatic should show in settings page</span>
      <div>Step skipped
      </div>
              </div>
              <div class="step pass-bg" title="AFTER">
                <span>StepDefinations.LoginStep.takeScraenshotOnFailure(io.cucumber.java.Scenario)</span>
      <div>Verify Change Billing Method to Automatic
          <div class="row mb-3"><div class="col-md-3">
<img data-featherlight='../Screenshots/embedded2.png' src="../Screenshots/embedded2.png">
    
    </div></div>
</div>
      <div>
      </div>
              </div>
          </div>
        </div>
  </div>
  <div class="card">
    <div class="card-header" role="tab">
      <div class="card-title">
        <div class="node" id="72"><span class="badge log fail-bg mr-2">Fail</span>Verify Change Billing Method to Accounts</div>
          <div class="status-avatar float-right mr-4">
            <i class="fa fa-paperclip"></i>
          </div>
      </div>
    </div>
        <div class="">
          <div class="card-body">
              <div class="step pass-bg" title="StepDefinations.LoginStep.a_valid_url()">
                <span>Given a valid url</span>
      <div>
      </div>
              </div>
              <div class="step pass-bg" title="StepDefinations.Settings_Step.user_is_on_settings_page()">
                <span>When user is on settings page</span>
      <div>
      </div>
              </div>
              <div class="step fail-bg" title="StepDefinations.Settings_Step.user_clicks_on_change_billing_method()">
                <span>And user clicks on change billing method</span>
      <div>
        <textarea disabled class="code-block">org.openqa.selenium.NoSuchElementException: no such element: Unable to locate element: {"method":"xpath","selector":"//span[contains(text(),'change billing method')]"}
  (Session info: chrome=109.0.5414.120)
For documentation on this error, please visit: https://www.seleniumhq.org/exceptions/no_such_element.html
Build info: version: '3.141.59', revision: 'e82be7d358', time: '2018-11-14T08:17:03'
System info: host: 'SRI-LP-01054', ip: '192.168.1.154', os.name: 'Windows 10', os.arch: 'amd64', os.version: '10.0', java.version: '19.0.1'
Driver info: org.openqa.selenium.chrome.ChromeDriver
Capabilities {acceptInsecureCerts: false, browserName: chrome, browserVersion: 109.0.5414.120, chrome: {chromedriverVersion: 109.0.5414.74 (e7c5703604da..., userDataDir: C:\Users\AbidReza\AppData\L...}, goog:chromeOptions: {debuggerAddress: localhost:56781}, javascriptEnabled: true, networkConnectionEnabled: false, pageLoadStrategy: normal, platform: WINDOWS, platformName: WINDOWS, proxy: Proxy(), setWindowRect: true, strictFileInteractability: false, timeouts: {implicit: 0, pageLoad: 300000, script: 30000}, unhandledPromptBehavior: dismiss and notify, webauthn:extension:credBlob: true, webauthn:extension:largeBlob: true, webauthn:virtualAuthenticators: true}
Session ID: cb1fb1729c716d2462fefaa849e1a3b2
*** Element info: {Using=xpath, value=//span[contains(text(),'change billing method')]}
	at java.base/jdk.internal.reflect.DirectConstructorHandleAccessor.newInstance(DirectConstructorHandleAccessor.java:67)
	at java.base/java.lang.reflect.Constructor.newInstanceWithCaller(Constructor.java:500)
	at java.base/java.lang.reflect.Constructor.newInstance(Constructor.java:484)
	at org.openqa.selenium.remote.http.W3CHttpResponseCodec.createException(W3CHttpResponseCodec.java:187)
	at org.openqa.selenium.remote.http.W3CHttpResponseCodec.decode(W3CHttpResponseCodec.java:122)
	at org.openqa.selenium.remote.http.W3CHttpResponseCodec.decode(W3CHttpResponseCodec.java:49)
	at org.openqa.selenium.remote.HttpCommandExecutor.execute(HttpCommandExecutor.java:158)
	at org.openqa.selenium.remote.service.DriverCommandExecutor.execute(DriverCommandExecutor.java:83)
	at org.openqa.selenium.remote.RemoteWebDriver.execute(RemoteWebDriver.java:552)
	at org.openqa.selenium.remote.RemoteWebDriver.findElement(RemoteWebDriver.java:323)
	at org.openqa.selenium.remote.RemoteWebDriver.findElementByXPath(RemoteWebDriver.java:428)
	at org.openqa.selenium.By$ByXPath.findElement(By.java:353)
	at org.openqa.selenium.remote.RemoteWebDriver.findElement(RemoteWebDriver.java:315)
	at org.openqa.selenium.support.pagefactory.DefaultElementLocator.findElement(DefaultElementLocator.java:69)
	at org.openqa.selenium.support.pagefactory.internal.LocatingElementHandler.invoke(LocatingElementHandler.java:38)
	at jdk.proxy2/jdk.proxy2.$Proxy22.click(Unknown Source)
	at Pages.Settings_Page.changeBillingMethod(Settings_Page.java:190)
	at StepDefinations.Settings_Step.user_clicks_on_change_billing_method(Settings_Step.java:107)
	at ✽.user clicks on change billing method(file:///E:/Work/Spring_Rain/PortalAutomation/src/test/resources/Features/Settings/Settings.feature:27)
</textarea>
      
      </div>
              </div>
              <div class="step skip-bg" title="StepDefinations.Settings_Step.user_selects_accounts_from_method_dropdown()">
                <span>And user selects accounts from method dropdown</span>
      <div>Step skipped
      </div>
              </div>
              <div class="step skip-bg" title="StepDefinations.Settings_Step.user_clicks_first_wallet()">
                <span>And user clicks first wallet</span>
      <div>Step skipped
      </div>
              </div>
              <div class="step skip-bg" title="StepDefinations.Settings_Step.clicks_on_save_button()">
                <span>And clicks on save button</span>
      <div>Step skipped
      </div>
              </div>
              <div class="step skip-bg" title="StepDefinations.Settings_Step.selected_wallet_should_show_in_settings_page()">
                <span>Then selected wallet should show in settings page</span>
      <div>Step skipped
      </div>
              </div>
              <div class="step pass-bg" title="AFTER">
                <span>StepDefinations.LoginStep.takeScraenshotOnFailure(io.cucumber.java.Scenario)</span>
      <div>Verify Change Billing Method to Accounts
          <div class="row mb-3"><div class="col-md-3">
<img data-featherlight='../Screenshots/embedded3.png' src="../Screenshots/embedded3.png">
    
    </div></div>
</div>
      <div>
      </div>
              </div>
          </div>
        </div>
  </div>
  <div class="card">
    <div class="card-header" role="tab">
      <div class="card-title">
        <div class="node" id="81"><span class="badge log fail-bg mr-2">Fail</span>Verify Change Billing Method to Debit or Credit card</div>
          <div class="status-avatar float-right mr-4">
            <i class="fa fa-paperclip"></i>
          </div>
      </div>
    </div>
        <div class="">
          <div class="card-body">
              <div class="step pass-bg" title="StepDefinations.LoginStep.a_valid_url()">
                <span>Given a valid url</span>
      <div>
      </div>
              </div>
              <div class="step pass-bg" title="StepDefinations.Settings_Step.user_is_on_settings_page()">
                <span>When user is on settings page</span>
      <div>
      </div>
              </div>
              <div class="step fail-bg" title="StepDefinations.Settings_Step.user_clicks_on_change_billing_method()">
                <span>And user clicks on change billing method</span>
      <div>
        <textarea disabled class="code-block">org.openqa.selenium.NoSuchElementException: no such element: Unable to locate element: {"method":"xpath","selector":"//span[contains(text(),'change billing method')]"}
  (Session info: chrome=109.0.5414.120)
For documentation on this error, please visit: https://www.seleniumhq.org/exceptions/no_such_element.html
Build info: version: '3.141.59', revision: 'e82be7d358', time: '2018-11-14T08:17:03'
System info: host: 'SRI-LP-01054', ip: '192.168.1.154', os.name: 'Windows 10', os.arch: 'amd64', os.version: '10.0', java.version: '19.0.1'
Driver info: org.openqa.selenium.chrome.ChromeDriver
Capabilities {acceptInsecureCerts: false, browserName: chrome, browserVersion: 109.0.5414.120, chrome: {chromedriverVersion: 109.0.5414.74 (e7c5703604da..., userDataDir: C:\Users\AbidReza\AppData\L...}, goog:chromeOptions: {debuggerAddress: localhost:56781}, javascriptEnabled: true, networkConnectionEnabled: false, pageLoadStrategy: normal, platform: WINDOWS, platformName: WINDOWS, proxy: Proxy(), setWindowRect: true, strictFileInteractability: false, timeouts: {implicit: 0, pageLoad: 300000, script: 30000}, unhandledPromptBehavior: dismiss and notify, webauthn:extension:credBlob: true, webauthn:extension:largeBlob: true, webauthn:virtualAuthenticators: true}
Session ID: cb1fb1729c716d2462fefaa849e1a3b2
*** Element info: {Using=xpath, value=//span[contains(text(),'change billing method')]}
	at java.base/jdk.internal.reflect.DirectConstructorHandleAccessor.newInstance(DirectConstructorHandleAccessor.java:67)
	at java.base/java.lang.reflect.Constructor.newInstanceWithCaller(Constructor.java:500)
	at java.base/java.lang.reflect.Constructor.newInstance(Constructor.java:484)
	at org.openqa.selenium.remote.http.W3CHttpResponseCodec.createException(W3CHttpResponseCodec.java:187)
	at org.openqa.selenium.remote.http.W3CHttpResponseCodec.decode(W3CHttpResponseCodec.java:122)
	at org.openqa.selenium.remote.http.W3CHttpResponseCodec.decode(W3CHttpResponseCodec.java:49)
	at org.openqa.selenium.remote.HttpCommandExecutor.execute(HttpCommandExecutor.java:158)
	at org.openqa.selenium.remote.service.DriverCommandExecutor.execute(DriverCommandExecutor.java:83)
	at org.openqa.selenium.remote.RemoteWebDriver.execute(RemoteWebDriver.java:552)
	at org.openqa.selenium.remote.RemoteWebDriver.findElement(RemoteWebDriver.java:323)
	at org.openqa.selenium.remote.RemoteWebDriver.findElementByXPath(RemoteWebDriver.java:428)
	at org.openqa.selenium.By$ByXPath.findElement(By.java:353)
	at org.openqa.selenium.remote.RemoteWebDriver.findElement(RemoteWebDriver.java:315)
	at org.openqa.selenium.support.pagefactory.DefaultElementLocator.findElement(DefaultElementLocator.java:69)
	at org.openqa.selenium.support.pagefactory.internal.LocatingElementHandler.invoke(LocatingElementHandler.java:38)
	at jdk.proxy2/jdk.proxy2.$Proxy22.click(Unknown Source)
	at Pages.Settings_Page.changeBillingMethod(Settings_Page.java:190)
	at StepDefinations.Settings_Step.user_clicks_on_change_billing_method(Settings_Step.java:107)
	at ✽.user clicks on change billing method(file:///E:/Work/Spring_Rain/PortalAutomation/src/test/resources/Features/Settings/Settings.feature:36)
</textarea>
      
      </div>
              </div>
              <div class="step skip-bg" title="StepDefinations.Settings_Step.user_selects_debit_or_credit_card_from_method_dropdown()">
                <span>And user selects debit or credit card from method dropdown</span>
      <div>Step skipped
      </div>
              </div>
              <div class="step skip-bg" title="StepDefinations.Settings_Step.clicks_on_add_new_card()">
                <span>And clicks on add new card</span>
      <div>Step skipped
      </div>
              </div>
              <div class="step skip-bg" title="StepDefinations.PaymentGatewayStep.enter_card_details_in_apexx_getway_and_clicks_on_pay()">
                <span>And enter card details in Apexx getway and clicks on pay</span>
      <div>Step skipped
      </div>
              </div>
              <div class="step skip-bg" title="StepDefinations.Settings_Step.check_newly_added_card()">
                <span>And check newly added card</span>
      <div>Step skipped
      </div>
              </div>
              <div class="step skip-bg" title="StepDefinations.Settings_Step.user_selects_new_added_card()">
                <span>And user selects new added card</span>
      <div>Step skipped
      </div>
              </div>
              <div class="step skip-bg" title="StepDefinations.Settings_Step.clicks_on_save_button()">
                <span>And clicks on save button</span>
      <div>Step skipped
      </div>
              </div>
              <div class="step skip-bg" title="StepDefinations.Settings_Step.verify_payment_method_change_in_setting_page()">
                <span>Then verify payment method change in setting page</span>
      <div>Step skipped
      </div>
              </div>
              <div class="step pass-bg" title="AFTER">
                <span>StepDefinations.LoginStep.takeScraenshotOnFailure(io.cucumber.java.Scenario)</span>
      <div>Verify Change Billing Method to Debit or Credit card
          <div class="row mb-3"><div class="col-md-3">
<img data-featherlight='../Screenshots/embedded4.png' src="../Screenshots/embedded4.png">
    
    </div></div>
</div>
      <div>
      </div>
              </div>
          </div>
        </div>
  </div>
  <div class="card">
    <div class="card-header" role="tab">
      <div class="card-title">
        <div class="node" id="93"><span class="badge log fail-bg mr-2">Fail</span>Verify Marketing Functionality of Settings Page</div>
          <div class="status-avatar float-right mr-4">
            <i class="fa fa-paperclip"></i>
          </div>
      </div>
    </div>
        <div class="">
          <div class="card-body">
              <div class="step pass-bg" title="StepDefinations.LoginStep.a_valid_url()">
                <span>Given a valid url</span>
      <div>
      </div>
              </div>
              <div class="step pass-bg" title="StepDefinations.Settings_Step.user_is_on_settings_page()">
                <span>When user is on settings page</span>
      <div>
      </div>
              </div>
              <div class="step pass-bg" title="StepDefinations.Settings_Step.user_clicks_on_phone_change_of_marketing()">
                <span>And user clicks on Phone change of marketing</span>
      <div>
      </div>
              </div>
              <div class="step pass-bg" title="StepDefinations.Settings_Step.user_should_see_message()">
                <span>And user should see message</span>
      <div>
      </div>
              </div>
              <div class="step pass-bg" title="StepDefinations.Settings_Step.user_clicks_on_fax_change_of_marketing()">
                <span>And user clicks on Fax change of marketing</span>
      <div>
      </div>
              </div>
              <div class="step pass-bg" title="StepDefinations.Settings_Step.user_should_see_message()">
                <span>And user should see message</span>
      <div>
      </div>
              </div>
              <div class="step pass-bg" title="StepDefinations.Settings_Step.user_clicks_on_email_change_of_marketing()">
                <span>And user clicks on Email change of marketing</span>
      <div>
      </div>
              </div>
              <div class="step pass-bg" title="StepDefinations.Settings_Step.user_should_see_message()">
                <span>And user should see message</span>
      <div>
      </div>
              </div>
              <div class="step pass-bg" title="StepDefinations.Settings_Step.user_clicks_on_postalmail_change_of_marketing()">
                <span>And user clicks on postalmail change of marketing</span>
      <div>
      </div>
              </div>
              <div class="step fail-bg" title="StepDefinations.Settings_Step.user_should_see_message()">
                <span>Then user should see message</span>
      <div>
        <textarea disabled class="code-block">org.openqa.selenium.NoSuchElementException: no such element: Unable to locate element: {"method":"xpath","selector":"//span[contains(text(),'Marketing consent has successfully updated.')]"}
  (Session info: chrome=109.0.5414.120)
For documentation on this error, please visit: https://www.seleniumhq.org/exceptions/no_such_element.html
Build info: version: '3.141.59', revision: 'e82be7d358', time: '2018-11-14T08:17:03'
System info: host: 'SRI-LP-01054', ip: '192.168.1.154', os.name: 'Windows 10', os.arch: 'amd64', os.version: '10.0', java.version: '19.0.1'
Driver info: org.openqa.selenium.chrome.ChromeDriver
Capabilities {acceptInsecureCerts: false, browserName: chrome, browserVersion: 109.0.5414.120, chrome: {chromedriverVersion: 109.0.5414.74 (e7c5703604da..., userDataDir: C:\Users\AbidReza\AppData\L...}, goog:chromeOptions: {debuggerAddress: localhost:56781}, javascriptEnabled: true, networkConnectionEnabled: false, pageLoadStrategy: normal, platform: WINDOWS, platformName: WINDOWS, proxy: Proxy(), setWindowRect: true, strictFileInteractability: false, timeouts: {implicit: 0, pageLoad: 300000, script: 30000}, unhandledPromptBehavior: dismiss and notify, webauthn:extension:credBlob: true, webauthn:extension:largeBlob: true, webauthn:virtualAuthenticators: true}
Session ID: cb1fb1729c716d2462fefaa849e1a3b2
*** Element info: {Using=xpath, value=//span[contains(text(),'Marketing consent has successfully updated.')]}
	at java.base/jdk.internal.reflect.DirectConstructorHandleAccessor.newInstance(DirectConstructorHandleAccessor.java:67)
	at java.base/java.lang.reflect.Constructor.newInstanceWithCaller(Constructor.java:500)
	at java.base/java.lang.reflect.Constructor.newInstance(Constructor.java:484)
	at org.openqa.selenium.remote.http.W3CHttpResponseCodec.createException(W3CHttpResponseCodec.java:187)
	at org.openqa.selenium.remote.http.W3CHttpResponseCodec.decode(W3CHttpResponseCodec.java:122)
	at org.openqa.selenium.remote.http.W3CHttpResponseCodec.decode(W3CHttpResponseCodec.java:49)
	at org.openqa.selenium.remote.HttpCommandExecutor.execute(HttpCommandExecutor.java:158)
	at org.openqa.selenium.remote.service.DriverCommandExecutor.execute(DriverCommandExecutor.java:83)
	at org.openqa.selenium.remote.RemoteWebDriver.execute(RemoteWebDriver.java:552)
	at org.openqa.selenium.remote.RemoteWebDriver.findElement(RemoteWebDriver.java:323)
	at org.openqa.selenium.remote.RemoteWebDriver.findElementByXPath(RemoteWebDriver.java:428)
	at org.openqa.selenium.By$ByXPath.findElement(By.java:353)
	at org.openqa.selenium.remote.RemoteWebDriver.findElement(RemoteWebDriver.java:315)
	at org.openqa.selenium.support.pagefactory.DefaultElementLocator.findElement(DefaultElementLocator.java:69)
	at org.openqa.selenium.support.pagefactory.internal.LocatingElementHandler.invoke(LocatingElementHandler.java:38)
	at jdk.proxy2/jdk.proxy2.$Proxy22.isDisplayed(Unknown Source)
	at Pages.Settings_Page.sucessMessageCheck(Settings_Page.java:269)
	at StepDefinations.Settings_Step.user_should_see_message(Settings_Step.java:241)
	at ✽.user should see message(file:///E:/Work/Spring_Rain/PortalAutomation/src/test/resources/Features/Settings/Settings.feature:55)
</textarea>
      
      </div>
              </div>
              <div class="step pass-bg" title="AFTER">
                <span>StepDefinations.LoginStep.takeScraenshotOnFailure(io.cucumber.java.Scenario)</span>
      <div>Verify Marketing Functionality of Settings Page
          <div class="row mb-3"><div class="col-md-3">
<img data-featherlight='../Screenshots/embedded5.png' src="../Screenshots/embedded5.png">
    
    </div></div>
</div>
      <div>
      </div>
              </div>
          </div>
        </div>
  </div>
  <div class="card">
    <div class="card-header" role="tab">
      <div class="card-title">
        <div class="node" id="105"><span class="badge log fail-bg mr-2">Fail</span>Verify Settings Functionality of Settings Page</div>
          <div class="status-avatar float-right mr-4">
            <i class="fa fa-paperclip"></i>
          </div>
      </div>
    </div>
        <div class="">
          <div class="card-body">
              <div class="step pass-bg" title="StepDefinations.LoginStep.a_valid_url()">
                <span>Given a valid url</span>
      <div>
      </div>
              </div>
              <div class="step pass-bg" title="StepDefinations.Settings_Step.user_clicks_on_settings_button()">
                <span>When user clicks on settings button</span>
      <div>
      </div>
              </div>
              <div class="step pass-bg" title="StepDefinations.Settings_Step.user_clicks_on_preferred_currency_change_button()">
                <span>And user clicks on preferred currency change button</span>
      <div>
      </div>
              </div>
              <div class="step pass-bg" title="StepDefinations.Settings_Step.user_clicks_dropdown_saves_any_currency()">
                <span>And user clicks dropdown and saves any currency</span>
      <div>
      </div>
              </div>
              <div class="step fail-bg" title="StepDefinations.Settings_Step.user_clicks_on_preferred_language_change_button()">
                <span>And user clicks on preferred language change button</span>
      <div>
        <textarea disabled class="code-block">org.openqa.selenium.NoSuchElementException: no such element: Unable to locate element: {"method":"xpath","selector":"(//span[contains(text(),'change')])[10]"}
  (Session info: chrome=109.0.5414.120)
For documentation on this error, please visit: https://www.seleniumhq.org/exceptions/no_such_element.html
Build info: version: '3.141.59', revision: 'e82be7d358', time: '2018-11-14T08:17:03'
System info: host: 'SRI-LP-01054', ip: '192.168.1.154', os.name: 'Windows 10', os.arch: 'amd64', os.version: '10.0', java.version: '19.0.1'
Driver info: org.openqa.selenium.chrome.ChromeDriver
Capabilities {acceptInsecureCerts: false, browserName: chrome, browserVersion: 109.0.5414.120, chrome: {chromedriverVersion: 109.0.5414.74 (e7c5703604da..., userDataDir: C:\Users\AbidReza\AppData\L...}, goog:chromeOptions: {debuggerAddress: localhost:56781}, javascriptEnabled: true, networkConnectionEnabled: false, pageLoadStrategy: normal, platform: WINDOWS, platformName: WINDOWS, proxy: Proxy(), setWindowRect: true, strictFileInteractability: false, timeouts: {implicit: 0, pageLoad: 300000, script: 30000}, unhandledPromptBehavior: dismiss and notify, webauthn:extension:credBlob: true, webauthn:extension:largeBlob: true, webauthn:virtualAuthenticators: true}
Session ID: cb1fb1729c716d2462fefaa849e1a3b2
*** Element info: {Using=xpath, value=(//span[contains(text(),'change')])[10]}
	at java.base/jdk.internal.reflect.DirectConstructorHandleAccessor.newInstance(DirectConstructorHandleAccessor.java:67)
	at java.base/java.lang.reflect.Constructor.newInstanceWithCaller(Constructor.java:500)
	at java.base/java.lang.reflect.Constructor.newInstance(Constructor.java:484)
	at org.openqa.selenium.remote.http.W3CHttpResponseCodec.createException(W3CHttpResponseCodec.java:187)
	at org.openqa.selenium.remote.http.W3CHttpResponseCodec.decode(W3CHttpResponseCodec.java:122)
	at org.openqa.selenium.remote.http.W3CHttpResponseCodec.decode(W3CHttpResponseCodec.java:49)
	at org.openqa.selenium.remote.HttpCommandExecutor.execute(HttpCommandExecutor.java:158)
	at org.openqa.selenium.remote.service.DriverCommandExecutor.execute(DriverCommandExecutor.java:83)
	at org.openqa.selenium.remote.RemoteWebDriver.execute(RemoteWebDriver.java:552)
	at org.openqa.selenium.remote.RemoteWebDriver.findElement(RemoteWebDriver.java:323)
	at org.openqa.selenium.remote.RemoteWebDriver.findElementByXPath(RemoteWebDriver.java:428)
	at org.openqa.selenium.By$ByXPath.findElement(By.java:353)
	at org.openqa.selenium.remote.RemoteWebDriver.findElement(RemoteWebDriver.java:315)
	at org.openqa.selenium.support.pagefactory.DefaultElementLocator.findElement(DefaultElementLocator.java:69)
	at org.openqa.selenium.support.pagefactory.internal.LocatingElementHandler.invoke(LocatingElementHandler.java:38)
	at jdk.proxy2/jdk.proxy2.$Proxy22.click(Unknown Source)
	at Pages.Settings_Page.prefLanguageBtnCLik(Settings_Page.java:277)
	at StepDefinations.Settings_Step.user_clicks_on_preferred_language_change_button(Settings_Step.java:286)
	at ✽.user clicks on preferred language change button(file:///E:/Work/Spring_Rain/PortalAutomation/src/test/resources/Features/Settings/Settings.feature:62)
</textarea>
      
      </div>
              </div>
              <div class="step skip-bg" title="StepDefinations.Settings_Step.user_clicks_dropdown_and_saves_any_language()">
                <span>And user clicks dropdown and saves any Language</span>
      <div>Step skipped
      </div>
              </div>
              <div class="step skip-bg" title="StepDefinations.Settings_Step.saved_currency_and_language_should_show_in_settings_page()">
                <span>Then saved currency and language should show in settings page</span>
      <div>Step skipped
      </div>
              </div>
              <div class="step pass-bg" title="AFTER">
                <span>StepDefinations.LoginStep.takeScraenshotOnFailure(io.cucumber.java.Scenario)</span>
      <div>Verify Settings Functionality of Settings Page
          <div class="row mb-3"><div class="col-md-3">
<img data-featherlight='../Screenshots/embedded6.png' src="../Screenshots/embedded6.png">
    
    </div></div>
</div>
      <div>
      </div>
              </div>
          </div>
        </div>
  </div>
</div>
          </div>
        </li>
        <li class="test-item"  status="fail" test-id="114"
          author=""
          tag=""
          device="">
          <div class="test-detail">
            <p class="name">Functionality Test For Shopping Feature</p>
            <p class="text-sm">
              <span>2:48:49 PM</span> / <span>00:01:21:001</span>
              <span class="badge fail-bg log float-right">Fail</span>
            </p>
          </div>
          <div class="test-contents d-none">
<div class="detail-head">
<div class="p-v-10">
<div class="info">
<h5 class="test-status text-fail">Functionality Test For Shopping Feature</h5>
<span class='badge badge-success'>02.03.2023 2:48:49 PM</span>
<span class='badge badge-danger'>02.03.2023 2:50:10 PM</span>
<span class='badge badge-default'>00:01:21:001</span>
&middot; <span class='uri-anchor badge badge-default'>#test-id=114</span>
<span class='badge badge-default pointer float-right ml-1 et'><i class="fa fa-chevron-down"></i></span>
<span class='badge badge-default pointer float-right ct'><i class="fa fa-chevron-up"></i></span>
</div>
<div class="m-t-10 m-l-5"></div>
</div>
</div>
<div class="accordion mt-4">
  <div class="card">
    <div class="card-header" role="tab">
      <div class="card-title">
        <div class="node" id="115"><span class="badge log fail-bg mr-2">Fail</span>Verify Shopping New Request</div>
          <div class="status-avatar float-right mr-4">
            <i class="fa fa-paperclip"></i>
          </div>
      </div>
    </div>
        <div class="">
          <div class="card-body">
              <div class="step pass-bg" title="StepDefinations.LoginStep.a_valid_url()">
                <span>Given a valid url</span>
      <div>
      </div>
              </div>
              <div class="step fail-bg" title="StepDefinations.ShoppingStep.user_click_on_shopping_button()">
                <span>When user click on shopping button</span>
      <div>
        <textarea disabled class="code-block">org.openqa.selenium.NoSuchElementException: no such element: Unable to locate element: {"method":"xpath","selector":"//span[text()='Shopping']"}
  (Session info: chrome=109.0.5414.120)
For documentation on this error, please visit: https://www.seleniumhq.org/exceptions/no_such_element.html
Build info: version: '3.141.59', revision: 'e82be7d358', time: '2018-11-14T08:17:03'
System info: host: 'SRI-LP-01054', ip: '192.168.1.154', os.name: 'Windows 10', os.arch: 'amd64', os.version: '10.0', java.version: '19.0.1'
Driver info: org.openqa.selenium.chrome.ChromeDriver
Capabilities {acceptInsecureCerts: false, browserName: chrome, browserVersion: 109.0.5414.120, chrome: {chromedriverVersion: 109.0.5414.74 (e7c5703604da..., userDataDir: C:\Users\AbidReza\AppData\L...}, goog:chromeOptions: {debuggerAddress: localhost:56781}, javascriptEnabled: true, networkConnectionEnabled: false, pageLoadStrategy: normal, platform: WINDOWS, platformName: WINDOWS, proxy: Proxy(), setWindowRect: true, strictFileInteractability: false, timeouts: {implicit: 0, pageLoad: 300000, script: 30000}, unhandledPromptBehavior: dismiss and notify, webauthn:extension:credBlob: true, webauthn:extension:largeBlob: true, webauthn:virtualAuthenticators: true}
Session ID: cb1fb1729c716d2462fefaa849e1a3b2
*** Element info: {Using=xpath, value=//span[text()='Shopping']}
	at java.base/jdk.internal.reflect.DirectConstructorHandleAccessor.newInstance(DirectConstructorHandleAccessor.java:67)
	at java.base/java.lang.reflect.Constructor.newInstanceWithCaller(Constructor.java:500)
	at java.base/java.lang.reflect.Constructor.newInstance(Constructor.java:484)
	at org.openqa.selenium.remote.http.W3CHttpResponseCodec.createException(W3CHttpResponseCodec.java:187)
	at org.openqa.selenium.remote.http.W3CHttpResponseCodec.decode(W3CHttpResponseCodec.java:122)
	at org.openqa.selenium.remote.http.W3CHttpResponseCodec.decode(W3CHttpResponseCodec.java:49)
	at org.openqa.selenium.remote.HttpCommandExecutor.execute(HttpCommandExecutor.java:158)
	at org.openqa.selenium.remote.service.DriverCommandExecutor.execute(DriverCommandExecutor.java:83)
	at org.openqa.selenium.remote.RemoteWebDriver.execute(RemoteWebDriver.java:552)
	at org.openqa.selenium.remote.RemoteWebDriver.findElement(RemoteWebDriver.java:323)
	at org.openqa.selenium.remote.RemoteWebDriver.findElementByXPath(RemoteWebDriver.java:428)
	at org.openqa.selenium.By$ByXPath.findElement(By.java:353)
	at org.openqa.selenium.remote.RemoteWebDriver.findElement(RemoteWebDriver.java:315)
	at org.openqa.selenium.support.pagefactory.DefaultElementLocator.findElement(DefaultElementLocator.java:69)
	at org.openqa.selenium.support.pagefactory.internal.LocatingElementHandler.invoke(LocatingElementHandler.java:38)
	at jdk.proxy2/jdk.proxy2.$Proxy22.click(Unknown Source)
	at Utility.CommonPageMethods.click(CommonPageMethods.java:24)
	at Pages.ShoppingPage.ShoppingBtn(ShoppingPage.java:52)
	at StepDefinations.ShoppingStep.user_click_on_shopping_button(ShoppingStep.java:38)
	at ✽.user click on shopping button(file:///E:/Work/Spring_Rain/PortalAutomation/src/test/resources/Features/Shopping/Shopping.feature:7)
</textarea>
      
      </div>
              </div>
              <div class="step skip-bg" title="StepDefinations.ShoppingStep.user_input_description()">
                <span>And user input description</span>
      <div>Step skipped
      </div>
              </div>
              <div class="step skip-bg" title="StepDefinations.ShoppingStep.user_input_brand_name()">
                <span>And user input brand name</span>
      <div>Step skipped
      </div>
              </div>
              <div class="step skip-bg" title="StepDefinations.ShoppingStep.user_input_style()">
                <span>And user input style</span>
      <div>Step skipped
      </div>
              </div>
              <div class="step skip-bg" title="StepDefinations.ShoppingStep.user_input_color()">
                <span>And user input color</span>
      <div>Step skipped
      </div>
              </div>
              <div class="step skip-bg" title="StepDefinations.ShoppingStep.user_input_weblink()">
                <span>And user input weblink</span>
      <div>Step skipped
      </div>
              </div>
              <div class="step skip-bg" title="StepDefinations.ShoppingStep.user_hit_the_create_request_button()">
                <span>And user hit the create request button</span>
      <div>Step skipped
      </div>
              </div>
              <div class="step skip-bg" title="StepDefinations.ShoppingStep.user_selects_request_and_request_status_from_search_box()">
                <span>And user selects request and request status from search box</span>
      <div>Step skipped
      </div>
              </div>
              <div class="step skip-bg" title="StepDefinations.ShoppingStep.user_should_see_the_shopping_request_status()">
                <span>Then user should see the shopping request status</span>
      <div>Step skipped
      </div>
              </div>
              <div class="step pass-bg" title="AFTER">
                <span>StepDefinations.LoginStep.takeScraenshotOnFailure(io.cucumber.java.Scenario)</span>
      <div>Verify Shopping New Request
          <div class="row mb-3"><div class="col-md-3">
<img data-featherlight='../Screenshots/embedded7.png' src="../Screenshots/embedded7.png">
    
    </div></div>
</div>
      <div>
      </div>
              </div>
          </div>
        </div>
  </div>
</div>
          </div>
        </li>
        <li class="test-item"  status="fail" test-id="127"
          author=""
          tag=""
          device="">
          <div class="test-detail">
            <p class="name">Test Signup Functionality for Non-US Members</p>
            <p class="text-sm">
              <span>2:50:10 PM</span> / <span>00:01:23:371</span>
              <span class="badge fail-bg log float-right">Fail</span>
            </p>
          </div>
          <div class="test-contents d-none">
<div class="detail-head">
<div class="p-v-10">
<div class="info">
<h5 class="test-status text-fail">Test Signup Functionality for Non-US Members</h5>
<span class='badge badge-success'>02.03.2023 2:50:10 PM</span>
<span class='badge badge-danger'>02.03.2023 2:51:33 PM</span>
<span class='badge badge-default'>00:01:23:371</span>
&middot; <span class='uri-anchor badge badge-default'>#test-id=127</span>
<span class='badge badge-default pointer float-right ml-1 et'><i class="fa fa-chevron-down"></i></span>
<span class='badge badge-default pointer float-right ct'><i class="fa fa-chevron-up"></i></span>
</div>
<div class="m-t-10 m-l-5"></div>
</div>
</div>
<div class="accordion mt-4">
  <div class="card">
    <div class="card-header" role="tab">
      <div class="card-title">
        <div class="node" id="128"><span class="badge log fail-bg mr-2">Fail</span>Test Signup Functionality for VIP plan for Non-US Members</div>
          <div class="status-avatar float-right mr-4">
            <i class="fa fa-paperclip"></i>
          </div>
      </div>
    </div>
        <div class="">
          <div class="card-body">
              <div class="step pass-bg" title="StepDefinations.SignUp_Step.a_valid_url_for_desired_portal()">
                <span>Given A valid url for desired portal</span>
      <div>
      </div>
              </div>
              <div class="step fail-bg" title="StepDefinations.SignUp_Step.user_selects_vip_plan_non_us()">
                <span>When user selects VIP plan non us</span>
      <div>
        <textarea disabled class="code-block">org.openqa.selenium.NoSuchElementException: no such element: Unable to locate element: {"method":"xpath","selector":"//span[contains(text(),'Get VIP')]"}
  (Session info: chrome=109.0.5414.120)
For documentation on this error, please visit: https://www.seleniumhq.org/exceptions/no_such_element.html
Build info: version: '3.141.59', revision: 'e82be7d358', time: '2018-11-14T08:17:03'
System info: host: 'SRI-LP-01054', ip: '192.168.1.154', os.name: 'Windows 10', os.arch: 'amd64', os.version: '10.0', java.version: '19.0.1'
Driver info: org.openqa.selenium.chrome.ChromeDriver
Capabilities {acceptInsecureCerts: false, browserName: chrome, browserVersion: 109.0.5414.120, chrome: {chromedriverVersion: 109.0.5414.74 (e7c5703604da..., userDataDir: C:\Users\AbidReza\AppData\L...}, goog:chromeOptions: {debuggerAddress: localhost:56781}, javascriptEnabled: true, networkConnectionEnabled: false, pageLoadStrategy: normal, platform: WINDOWS, platformName: WINDOWS, proxy: Proxy(), setWindowRect: true, strictFileInteractability: false, timeouts: {implicit: 0, pageLoad: 300000, script: 30000}, unhandledPromptBehavior: dismiss and notify, webauthn:extension:credBlob: true, webauthn:extension:largeBlob: true, webauthn:virtualAuthenticators: true}
Session ID: cb1fb1729c716d2462fefaa849e1a3b2
*** Element info: {Using=xpath, value=//span[contains(text(),'Get VIP')]}
	at java.base/jdk.internal.reflect.DirectConstructorHandleAccessor.newInstance(DirectConstructorHandleAccessor.java:67)
	at java.base/java.lang.reflect.Constructor.newInstanceWithCaller(Constructor.java:500)
	at java.base/java.lang.reflect.Constructor.newInstance(Constructor.java:484)
	at org.openqa.selenium.remote.http.W3CHttpResponseCodec.createException(W3CHttpResponseCodec.java:187)
	at org.openqa.selenium.remote.http.W3CHttpResponseCodec.decode(W3CHttpResponseCodec.java:122)
	at org.openqa.selenium.remote.http.W3CHttpResponseCodec.decode(W3CHttpResponseCodec.java:49)
	at org.openqa.selenium.remote.HttpCommandExecutor.execute(HttpCommandExecutor.java:158)
	at org.openqa.selenium.remote.service.DriverCommandExecutor.execute(DriverCommandExecutor.java:83)
	at org.openqa.selenium.remote.RemoteWebDriver.execute(RemoteWebDriver.java:552)
	at org.openqa.selenium.remote.RemoteWebDriver.findElement(RemoteWebDriver.java:323)
	at org.openqa.selenium.remote.RemoteWebDriver.findElementByXPath(RemoteWebDriver.java:428)
	at org.openqa.selenium.By$ByXPath.findElement(By.java:353)
	at org.openqa.selenium.remote.RemoteWebDriver.findElement(RemoteWebDriver.java:315)
	at org.openqa.selenium.support.pagefactory.DefaultElementLocator.findElement(DefaultElementLocator.java:69)
	at org.openqa.selenium.support.pagefactory.internal.LocatingElementHandler.invoke(LocatingElementHandler.java:38)
	at jdk.proxy2/jdk.proxy2.$Proxy22.click(Unknown Source)
	at Pages.SignUp_Page.getVip(SignUp_Page.java:230)
	at StepDefinations.SignUp_Step.user_selects_vip_plan_non_us(SignUp_Step.java:202)
	at ✽.user selects VIP plan non us(file:///E:/Work/Spring_Rain/PortalAutomation/src/test/resources/Features/SignUp/SignUp_non_us.feature:32)
</textarea>
      
      </div>
              </div>
              <div class="step skip-bg" title="StepDefinations.SignUp_Step.user_checks_card_design()">
                <span>And user checks card design</span>
      <div>Step skipped
      </div>
              </div>
              <div class="step skip-bg" title="StepDefinations.SignUp_Step.clicks_continue_again()">
                <span>And Clicks Continue again</span>
      <div>Step skipped
      </div>
              </div>
              <div class="step skip-bg" title="StepDefinations.SignUp_Step.user_selects_payment_method_card()">
                <span>And user selects payment method card</span>
      <div>Step skipped
      </div>
              </div>
              <div class="step skip-bg" >
                <span>And enter card details in payment information</span>
      <div>Step skipped
      </div>
              </div>
              <div class="step skip-bg" title="StepDefinations.SignUp_Step.checks_payment_confirmation_message()">
                <span>And checks payment confirmation message</span>
      <div>Step skipped
      </div>
              </div>
              <div class="step skip-bg" title="StepDefinations.SignUp_Step.user_press_ok()">
                <span>Then user press OK</span>
      <div>Step skipped
      </div>
              </div>
              <div class="step pass-bg" title="AFTER">
                <span>StepDefinations.LoginStep.takeScraenshotOnFailure(io.cucumber.java.Scenario)</span>
      <div>Test Signup Functionality for VIP plan for Non-US Members
          <div class="row mb-3"><div class="col-md-3">
<img data-featherlight='../Screenshots/embedded8.png' src="../Screenshots/embedded8.png">
    
    </div></div>
</div>
      <div>
      </div>
              </div>
          </div>
        </div>
  </div>
</div>
          </div>
        </li>
        <li class="test-item"  status="fail" test-id="138"
          author=""
          tag=""
          device="">
          <div class="test-detail">
            <p class="name">Test Signup Functionality for US Members</p>
            <p class="text-sm">
              <span>2:51:33 PM</span> / <span>00:00:55:590</span>
              <span class="badge fail-bg log float-right">Fail</span>
            </p>
          </div>
          <div class="test-contents d-none">
<div class="detail-head">
<div class="p-v-10">
<div class="info">
<h5 class="test-status text-fail">Test Signup Functionality for US Members</h5>
<span class='badge badge-success'>02.03.2023 2:51:33 PM</span>
<span class='badge badge-danger'>02.03.2023 2:52:29 PM</span>
<span class='badge badge-default'>00:00:55:590</span>
&middot; <span class='uri-anchor badge badge-default'>#test-id=138</span>
<span class='badge badge-default pointer float-right ml-1 et'><i class="fa fa-chevron-down"></i></span>
<span class='badge badge-default pointer float-right ct'><i class="fa fa-chevron-up"></i></span>
</div>
<div class="m-t-10 m-l-5"></div>
</div>
</div>
<div class="accordion mt-4">
  <div class="card">
    <div class="card-header" role="tab">
      <div class="card-title">
        <div class="node" id="139"><span class="badge log fail-bg mr-2">Fail</span>Test Signup Functionality for VIP plan for US Members</div>
          <div class="status-avatar float-right mr-4">
            <i class="fa fa-paperclip"></i>
          </div>
      </div>
    </div>
        <div class="">
          <div class="card-body">
              <div class="step pass-bg" title="StepDefinations.SignUp_Step.a_valid_url_for_desired_portal()">
                <span>Given A valid url for desired portal</span>
      <div>
      </div>
              </div>
              <div class="step fail-bg" title="StepDefinations.SignUp_Step.user_selects_vip_plan()">
                <span>When user selects VIP plan</span>
      <div>
        <textarea disabled class="code-block">org.openqa.selenium.NoSuchElementException: no such element: Unable to locate element: {"method":"xpath","selector":"//span[contains(text(),'Get VIP')]"}
  (Session info: chrome=109.0.5414.120)
For documentation on this error, please visit: https://www.seleniumhq.org/exceptions/no_such_element.html
Build info: version: '3.141.59', revision: 'e82be7d358', time: '2018-11-14T08:17:03'
System info: host: 'SRI-LP-01054', ip: '192.168.1.154', os.name: 'Windows 10', os.arch: 'amd64', os.version: '10.0', java.version: '19.0.1'
Driver info: org.openqa.selenium.chrome.ChromeDriver
Capabilities {acceptInsecureCerts: false, browserName: chrome, browserVersion: 109.0.5414.120, chrome: {chromedriverVersion: 109.0.5414.74 (e7c5703604da..., userDataDir: C:\Users\AbidReza\AppData\L...}, goog:chromeOptions: {debuggerAddress: localhost:56781}, javascriptEnabled: true, networkConnectionEnabled: false, pageLoadStrategy: normal, platform: WINDOWS, platformName: WINDOWS, proxy: Proxy(), setWindowRect: true, strictFileInteractability: false, timeouts: {implicit: 0, pageLoad: 300000, script: 30000}, unhandledPromptBehavior: dismiss and notify, webauthn:extension:credBlob: true, webauthn:extension:largeBlob: true, webauthn:virtualAuthenticators: true}
Session ID: cb1fb1729c716d2462fefaa849e1a3b2
*** Element info: {Using=xpath, value=//span[contains(text(),'Get VIP')]}
	at java.base/jdk.internal.reflect.DirectConstructorHandleAccessor.newInstance(DirectConstructorHandleAccessor.java:67)
	at java.base/java.lang.reflect.Constructor.newInstanceWithCaller(Constructor.java:500)
	at java.base/java.lang.reflect.Constructor.newInstance(Constructor.java:484)
	at org.openqa.selenium.remote.http.W3CHttpResponseCodec.createException(W3CHttpResponseCodec.java:187)
	at org.openqa.selenium.remote.http.W3CHttpResponseCodec.decode(W3CHttpResponseCodec.java:122)
	at org.openqa.selenium.remote.http.W3CHttpResponseCodec.decode(W3CHttpResponseCodec.java:49)
	at org.openqa.selenium.remote.HttpCommandExecutor.execute(HttpCommandExecutor.java:158)
	at org.openqa.selenium.remote.service.DriverCommandExecutor.execute(DriverCommandExecutor.java:83)
	at org.openqa.selenium.remote.RemoteWebDriver.execute(RemoteWebDriver.java:552)
	at org.openqa.selenium.remote.RemoteWebDriver.findElement(RemoteWebDriver.java:323)
	at org.openqa.selenium.remote.RemoteWebDriver.findElementByXPath(RemoteWebDriver.java:428)
	at org.openqa.selenium.By$ByXPath.findElement(By.java:353)
	at org.openqa.selenium.remote.RemoteWebDriver.findElement(RemoteWebDriver.java:315)
	at org.openqa.selenium.support.pagefactory.DefaultElementLocator.findElement(DefaultElementLocator.java:69)
	at org.openqa.selenium.support.pagefactory.internal.LocatingElementHandler.invoke(LocatingElementHandler.java:38)
	at jdk.proxy2/jdk.proxy2.$Proxy22.isDisplayed(Unknown Source)
	at Pages.SignUp_Page.vipCheck(SignUp_Page.java:226)
	at StepDefinations.SignUp_Step.user_selects_vip_plan(SignUp_Step.java:147)
	at ✽.user selects VIP plan(file:///E:/Work/Spring_Rain/PortalAutomation/src/test/resources/Features/SignUp/SignUp.feature:40)
</textarea>
      
      </div>
              </div>
              <div class="step skip-bg" title="StepDefinations.SignUp_Step.user_checks_card_design()">
                <span>And user checks card design</span>
      <div>Step skipped
      </div>
              </div>
              <div class="step skip-bg" title="StepDefinations.SignUp_Step.clicks_continue_again()">
                <span>And Clicks Continue again</span>
      <div>Step skipped
      </div>
              </div>
              <div class="step skip-bg" title="StepDefinations.SignUp_Step.user_selects_payment_method_card()">
                <span>And user selects payment method card</span>
      <div>Step skipped
      </div>
              </div>
              <div class="step skip-bg" >
                <span>And enter card details in payment information</span>
      <div>Step skipped
      </div>
              </div>
              <div class="step skip-bg" title="StepDefinations.SignUp_Step.checks_payment_confirmation_message()">
                <span>And checks payment confirmation message</span>
      <div>Step skipped
      </div>
              </div>
              <div class="step skip-bg" title="StepDefinations.SignUp_Step.user_press_ok()">
                <span>Then user press OK</span>
      <div>Step skipped
      </div>
              </div>
              <div class="step pass-bg" title="AFTER">
                <span>StepDefinations.LoginStep.takeScraenshotOnFailure(io.cucumber.java.Scenario)</span>
      <div>Test Signup Functionality for VIP plan for US Members
          <div class="row mb-3"><div class="col-md-3">
<img data-featherlight='../Screenshots/embedded9.png' src="../Screenshots/embedded9.png">
    
    </div></div>
</div>
      <div>
      </div>
              </div>
          </div>
        </div>
  </div>
</div>
          </div>
        </li>
        <li class="test-item"  status="fail" test-id="149"
          author=""
          tag=""
          device="">
          <div class="test-detail">
            <p class="name">Functionality Test For Travel Feature</p>
            <p class="text-sm">
              <span>2:52:29 PM</span> / <span>00:00:45:330</span>
              <span class="badge fail-bg log float-right">Fail</span>
            </p>
          </div>
          <div class="test-contents d-none">
<div class="detail-head">
<div class="p-v-10">
<div class="info">
<h5 class="test-status text-fail">Functionality Test For Travel Feature</h5>
<span class='badge badge-success'>02.03.2023 2:52:29 PM</span>
<span class='badge badge-danger'>02.03.2023 2:53:14 PM</span>
<span class='badge badge-default'>00:00:45:330</span>
&middot; <span class='uri-anchor badge badge-default'>#test-id=149</span>
<span class='badge badge-default pointer float-right ml-1 et'><i class="fa fa-chevron-down"></i></span>
<span class='badge badge-default pointer float-right ct'><i class="fa fa-chevron-up"></i></span>
</div>
<div class="m-t-10 m-l-5"></div>
</div>
</div>
<div class="accordion mt-4">
  <div class="card">
    <div class="card-header" role="tab">
      <div class="card-title">
        <div class="node" id="150"><span class="badge log fail-bg mr-2">Fail</span>Verify Travel Information Page</div>
          <div class="status-avatar float-right mr-4">
            <i class="fa fa-paperclip"></i>
          </div>
      </div>
    </div>
        <div class="">
          <div class="card-body">
              <div class="step pass-bg" title="StepDefinations.LoginStep.a_valid_url()">
                <span>Given a valid url</span>
      <div>
      </div>
              </div>
              <div class="step pass-bg" title="StepDefinations.TravelStep.user_click_travel_option()">
                <span>When user click travel option</span>
      <div>
      </div>
              </div>
              <div class="step fail-bg" title="StepDefinations.TravelStep.user_select_person_option()">
                <span>And user select person option</span>
      <div>
        <textarea disabled class="code-block">org.openqa.selenium.NoSuchElementException: no such element: Unable to locate element: {"method":"xpath","selector":"//*[@id="scrollable-auto-tabpanel-0"]/div/div/div[1]/div/div[1]/div/div/div"}
  (Session info: chrome=109.0.5414.120)
For documentation on this error, please visit: https://www.seleniumhq.org/exceptions/no_such_element.html
Build info: version: '3.141.59', revision: 'e82be7d358', time: '2018-11-14T08:17:03'
System info: host: 'SRI-LP-01054', ip: '192.168.1.154', os.name: 'Windows 10', os.arch: 'amd64', os.version: '10.0', java.version: '19.0.1'
Driver info: org.openqa.selenium.chrome.ChromeDriver
Capabilities {acceptInsecureCerts: false, browserName: chrome, browserVersion: 109.0.5414.120, chrome: {chromedriverVersion: 109.0.5414.74 (e7c5703604da..., userDataDir: C:\Users\AbidReza\AppData\L...}, goog:chromeOptions: {debuggerAddress: localhost:56781}, javascriptEnabled: true, networkConnectionEnabled: false, pageLoadStrategy: normal, platform: WINDOWS, platformName: WINDOWS, proxy: Proxy(), setWindowRect: true, strictFileInteractability: false, timeouts: {implicit: 0, pageLoad: 300000, script: 30000}, unhandledPromptBehavior: dismiss and notify, webauthn:extension:credBlob: true, webauthn:extension:largeBlob: true, webauthn:virtualAuthenticators: true}
Session ID: cb1fb1729c716d2462fefaa849e1a3b2
*** Element info: {Using=xpath, value=//*[@id="scrollable-auto-tabpanel-0"]/div/div/div[1]/div/div[1]/div/div/div}
	at java.base/jdk.internal.reflect.DirectConstructorHandleAccessor.newInstance(DirectConstructorHandleAccessor.java:67)
	at java.base/java.lang.reflect.Constructor.newInstanceWithCaller(Constructor.java:500)
	at java.base/java.lang.reflect.Constructor.newInstance(Constructor.java:484)
	at org.openqa.selenium.remote.http.W3CHttpResponseCodec.createException(W3CHttpResponseCodec.java:187)
	at org.openqa.selenium.remote.http.W3CHttpResponseCodec.decode(W3CHttpResponseCodec.java:122)
	at org.openqa.selenium.remote.http.W3CHttpResponseCodec.decode(W3CHttpResponseCodec.java:49)
	at org.openqa.selenium.remote.HttpCommandExecutor.execute(HttpCommandExecutor.java:158)
	at org.openqa.selenium.remote.service.DriverCommandExecutor.execute(DriverCommandExecutor.java:83)
	at org.openqa.selenium.remote.RemoteWebDriver.execute(RemoteWebDriver.java:552)
	at org.openqa.selenium.remote.RemoteWebDriver.findElement(RemoteWebDriver.java:323)
	at org.openqa.selenium.remote.RemoteWebDriver.findElementByXPath(RemoteWebDriver.java:428)
	at org.openqa.selenium.By$ByXPath.findElement(By.java:353)
	at org.openqa.selenium.remote.RemoteWebDriver.findElement(RemoteWebDriver.java:315)
	at org.openqa.selenium.support.pagefactory.DefaultElementLocator.findElement(DefaultElementLocator.java:69)
	at org.openqa.selenium.support.pagefactory.internal.LocatingElementHandler.invoke(LocatingElementHandler.java:38)
	at jdk.proxy2/jdk.proxy2.$Proxy22.click(Unknown Source)
	at Utility.CommonPageMethods.click(CommonPageMethods.java:24)
	at Pages.TravelPage.userClickPersonList(TravelPage.java:82)
	at StepDefinations.TravelStep.user_select_person_option(TravelStep.java:52)
	at ✽.user select person option(file:///E:/Work/Spring_Rain/PortalAutomation/src/test/resources/Features/Travel/Travel.feature:8)
</textarea>
      
      </div>
              </div>
              <div class="step skip-bg" title="StepDefinations.TravelStep.user_select_location()">
                <span>And user select location</span>
      <div>Step skipped
      </div>
              </div>
              <div class="step skip-bg" title="StepDefinations.TravelStep.user_input_search_keyword()">
                <span>And user input search keyword</span>
      <div>Step skipped
      </div>
              </div>
              <div class="step skip-bg" title="StepDefinations.TravelStep.user_select_from_and_to_date()">
                <span>And user select from and to date</span>
      <div>Step skipped
      </div>
              </div>
              <div class="step skip-bg" title="StepDefinations.TravelStep.user_click_on_search_button()">
                <span>And user click on search button</span>
      <div>Step skipped
      </div>
              </div>
              <div class="step skip-bg" title="StepDefinations.TravelStep.user_click_room_button()">
                <span>And user click room button for select</span>
      <div>Step skipped
      </div>
              </div>
              <div class="step skip-bg" title="StepDefinations.TravelStep.user_should_see_the_booking_page()">
                <span>Then user should see the room page</span>
      <div>Step skipped
      </div>
              </div>
              <div class="step pass-bg" title="AFTER">
                <span>StepDefinations.LoginStep.takeScraenshotOnFailure(io.cucumber.java.Scenario)</span>
      <div>Verify Travel Information Page
          <div class="row mb-3"><div class="col-md-3">
<img data-featherlight='../Screenshots/embedded10.png' src="../Screenshots/embedded10.png">
    
    </div></div>
</div>
      <div>
      </div>
              </div>
          </div>
        </div>
  </div>
</div>
          </div>
        </li>
      </ul>
    </div>
  </div>
<div class="test-content scrollable">
<div class="test-content-tools">
<ul><li><a class="back-to-test" href="#"><i class="fa fa-arrow-left"></i></a></li></ul>
</div>
<div class="test-content-detail"><div class="detail-body"></div></div>
</div></div>
<div class="test-wrapper row view exception-view attributes-view">
<div class="test-list">
<div class="test-list-tools">
<ul class="tools pull-left"><li><a href=""><span class="font-size-14">Exception</span></a></li></ul>
<ul class="tools text-right"><li><a href="#"><span class="badge badge-primary">1</span></a></li></ul>
</div>
<div class="test-list-wrapper scrollable">
<ul class="test-list-item">
<li class="test-item">
<div class="test-detail">
<span class="meta">
<span class='badge log badge-danger'>10</span>
</span>
<p class="name">org.openqa.selenium.NoSuchElementException</p>
<p class="duration text-sm">10 tests</p>
</div>
<div class="test-contents d-none">
<div class="info">
<h4>org.openqa.selenium.NoSuchElementException</h4>
<span status="fail" class='badge log badge-danger'>10 failed</span>
</div>
<table class='table table-sm mt-4'>
<thead>
<tr>
<th class="status-col">Status</th>
<th class="timestamp-col">Timestamp</th>
<th>TestName</th>
</tr>
</thead>
<tbody>
<tr class="tag-test-status" status="fail">
<td><span class="badge log fail-bg">Fail</span></td>
<td>14:36:44 PM</td>
<td>
<a href="#" class="linked" test-id='14' id='17'>When user click on concierge button</a>
<div class="">
<span class="badge badge-default">Functionality Test For Concierge Feature.Verify Concierge Page.When user click on concierge button</span>
</div>
</td>
</tr>
<tr class="tag-test-status" status="fail">
<td><span class="badge log fail-bg">Fail</span></td>
<td>14:44:41 PM</td>
<td>
<a href="#" class="linked" test-id='51' id='67'>And user clicks on change billing method</a>
<div class="">
<span class="badge badge-default">Test Settings Functionality.Verify Change Billing Method to Automatic.And user clicks on change billing method</span>
</div>
</td>
</tr>
<tr class="tag-test-status" status="fail">
<td><span class="badge log fail-bg">Fail</span></td>
<td>14:45:32 PM</td>
<td>
<a href="#" class="linked" test-id='51' id='75'>And user clicks on change billing method</a>
<div class="">
<span class="badge badge-default">Test Settings Functionality.Verify Change Billing Method to Accounts.And user clicks on change billing method</span>
</div>
</td>
</tr>
<tr class="tag-test-status" status="fail">
<td><span class="badge log fail-bg">Fail</span></td>
<td>14:46:27 PM</td>
<td>
<a href="#" class="linked" test-id='51' id='84'>And user clicks on change billing method</a>
<div class="">
<span class="badge badge-default">Test Settings Functionality.Verify Change Billing Method to Debit or Credit card.And user clicks on change billing method</span>
</div>
</td>
</tr>
<tr class="tag-test-status" status="fail">
<td><span class="badge log fail-bg">Fail</span></td>
<td>14:47:26 PM</td>
<td>
<a href="#" class="linked" test-id='51' id='103'>Then user should see message</a>
<div class="">
<span class="badge badge-default">Test Settings Functionality.Verify Marketing Functionality of Settings Page.Then user should see message</span>
</div>
</td>
</tr>
<tr class="tag-test-status" status="fail">
<td><span class="badge log fail-bg">Fail</span></td>
<td>14:48:18 PM</td>
<td>
<a href="#" class="linked" test-id='51' id='110'>And user clicks on preferred language change button</a>
<div class="">
<span class="badge badge-default">Test Settings Functionality.Verify Settings Functionality of Settings Page.And user clicks on preferred language change button</span>
</div>
</td>
</tr>
<tr class="tag-test-status" status="fail">
<td><span class="badge log fail-bg">Fail</span></td>
<td>14:49:08 PM</td>
<td>
<a href="#" class="linked" test-id='114' id='117'>When user click on shopping button</a>
<div class="">
<span class="badge badge-default">Functionality Test For Shopping Feature.Verify Shopping New Request.When user click on shopping button</span>
</div>
</td>
</tr>
<tr class="tag-test-status" status="fail">
<td><span class="badge log fail-bg">Fail</span></td>
<td>14:50:19 PM</td>
<td>
<a href="#" class="linked" test-id='127' id='130'>When user selects VIP plan non us</a>
<div class="">
<span class="badge badge-default">Test Signup Functionality for Non-US Members.Test Signup Functionality for VIP plan for Non-US Members.When user selects VIP plan non us</span>
</div>
</td>
</tr>
<tr class="tag-test-status" status="fail">
<td><span class="badge log fail-bg">Fail</span></td>
<td>14:51:38 PM</td>
<td>
<a href="#" class="linked" test-id='138' id='141'>When user selects VIP plan</a>
<div class="">
<span class="badge badge-default">Test Signup Functionality for US Members.Test Signup Functionality for VIP plan for US Members.When user selects VIP plan</span>
</div>
</td>
</tr>
<tr class="tag-test-status" status="fail">
<td><span class="badge log fail-bg">Fail</span></td>
<td>14:53:03 PM</td>
<td>
<a href="#" class="linked" test-id='149' id='153'>And user select person option</a>
<div class="">
<span class="badge badge-default">Functionality Test For Travel Feature.Verify Travel Information Page.And user select person option</span>
</div>
</td>
</tr>
</tbody>
</table>
</div>
</li>
</ul>
</div>
</div>
<div class="test-content scrollable">
<div class="test-content-detail">
<div class="detail-body"></div>
</div>
</div>
</div><div class="test-wrapper row view category-view attributes-view">
<div class="test-list">
<div class="test-list-tools">
<ul class="tools pull-left"><li><a href=""><span class="font-size-14">Category</span></a></li></ul>
<ul class="tools text-right"><li><a href="#"><span class="badge badge-primary">9</span></a></li></ul>
</div>
<div class="test-list-wrapper scrollable">
<ul class="test-list-item">
<li class="test-item">
<div class="test-detail">
<span class="meta">
<span class='badge log pass-bg'>1</span>
</span>
<p class="name">@tag3</p>
<p class="duration text-sm">1 tests</p>
</div>
<div class="test-contents d-none">
<div class="info">
<h4>@tag3</h4>
<span status="pass" class='badge log pass-bg'>1 passed</span>
</div>
<table class='table table-sm mt-4'>
<thead>
<tr>
<th class="status-col">Status</th>
<th class="timestamp-col">Timestamp</th>
<th>TestName</th>
</tr>
</thead>
<tbody>
<tr class="tag-test-status" status="pass">
<td><span class="badge log pass-bg">Pass</span></td>
<td>14:41:06 PM</td>
<td>
<a href="#" class="linked" test-id='22' id='39'>Verify Reward Is Successfully Done</a>
<div class="">
<span class="badge badge-default">Functionality Test For Instance Rewards Feature.Verify Reward Is Successfully Done</span>
</div>
</td>
</tr>
</tbody>
</table>
</div>
</li>
<li class="test-item">
<div class="test-detail">
<span class="meta">
<span class='badge log badge-danger'>1</span>
</span>
<p class="name">@vip</p>
<p class="duration text-sm">1 tests</p>
</div>
<div class="test-contents d-none">
<div class="info">
<h4>@vip</h4>
<span status="fail" class='badge log badge-danger'>1 failed</span>
</div>
<table class='table table-sm mt-4'>
<thead>
<tr>
<th class="status-col">Status</th>
<th class="timestamp-col">Timestamp</th>
<th>TestName</th>
</tr>
</thead>
<tbody>
<tr class="tag-test-status" status="fail">
<td><span class="badge log fail-bg">Fail</span></td>
<td>14:51:33 PM</td>
<td>
<a href="#" class="linked" test-id='138' id='139'>Test Signup Functionality for VIP plan for US Members</a>
<div class="">
<span class="badge badge-default">Test Signup Functionality for US Members.Test Signup Functionality for VIP plan for US Members</span>
</div>
</td>
</tr>
</tbody>
</table>
</div>
</li>
<li class="test-item">
<div class="test-detail">
<span class="meta">
<span class='badge log pass-bg'>1</span>
</span>
<p class="name">@tag1</p>
<p class="duration text-sm">1 tests</p>
</div>
<div class="test-contents d-none">
<div class="info">
<h4>@tag1</h4>
<span status="pass" class='badge log pass-bg'>1 passed</span>
</div>
<table class='table table-sm mt-4'>
<thead>
<tr>
<th class="status-col">Status</th>
<th class="timestamp-col">Timestamp</th>
<th>TestName</th>
</tr>
</thead>
<tbody>
<tr class="tag-test-status" status="pass">
<td><span class="badge log pass-bg">Pass</span></td>
<td>14:37:45 PM</td>
<td>
<a href="#" class="linked" test-id='22' id='23'>Verify Instance Rewards Option</a>
<div class="">
<span class="badge badge-default">Functionality Test For Instance Rewards Feature.Verify Instance Rewards Option</span>
</div>
</td>
</tr>
</tbody>
</table>
</div>
</li>
<li class="test-item">
<div class="test-detail">
<span class="meta">
<span class='badge log pass-bg'>1</span>
</span>
<p class="name">@t1</p>
<p class="duration text-sm">1 tests</p>
</div>
<div class="test-contents d-none">
<div class="info">
<h4>@t1</h4>
<span status="pass" class='badge log pass-bg'>1 passed</span>
</div>
<table class='table table-sm mt-4'>
<thead>
<tr>
<th class="status-col">Status</th>
<th class="timestamp-col">Timestamp</th>
<th>TestName</th>
</tr>
</thead>
<tbody>
<tr class="tag-test-status" status="pass">
<td><span class="badge log pass-bg">Pass</span></td>
<td>14:35:06 PM</td>
<td>
<a href="#" class="linked" test-id='1' id='2'>Verify Load Functionality of Physical Card</a>
<div class="">
<span class="badge badge-default">Test functionality of Card page.Verify Load Functionality of Physical Card</span>
</div>
</td>
</tr>
</tbody>
</table>
</div>
</li>
<li class="test-item">
<div class="test-detail">
<span class="meta">
<span class='badge log pass-bg'>1</span>
<span class='badge log badge-danger'>5</span>
</span>
<p class="name">@settings</p>
<p class="duration text-sm">6 tests</p>
</div>
<div class="test-contents d-none">
<div class="info">
<h4>@settings</h4>
<span status="pass" class='badge log pass-bg'>1 passed</span>
<span status="fail" class='badge log badge-danger'>5 failed</span>
</div>
<table class='table table-sm mt-4'>
<thead>
<tr>
<th class="status-col">Status</th>
<th class="timestamp-col">Timestamp</th>
<th>TestName</th>
</tr>
</thead>
<tbody>
<tr class="tag-test-status" status="pass">
<td><span class="badge log pass-bg">Pass</span></td>
<td>14:43:13 PM</td>
<td>
<a href="#" class="linked" test-id='51' id='52'>Verify Password Change Functionality</a>
<div class="">
<span class="badge badge-default">Test Settings Functionality.Verify Password Change Functionality</span>
</div>
</td>
</tr>
<tr class="tag-test-status" status="fail">
<td><span class="badge log fail-bg">Fail</span></td>
<td>14:44:09 PM</td>
<td>
<a href="#" class="linked" test-id='51' id='64'>Verify Change Billing Method to Automatic</a>
<div class="">
<span class="badge badge-default">Test Settings Functionality.Verify Change Billing Method to Automatic</span>
</div>
</td>
</tr>
<tr class="tag-test-status" status="fail">
<td><span class="badge log fail-bg">Fail</span></td>
<td>14:45:11 PM</td>
<td>
<a href="#" class="linked" test-id='51' id='72'>Verify Change Billing Method to Accounts</a>
<div class="">
<span class="badge badge-default">Test Settings Functionality.Verify Change Billing Method to Accounts</span>
</div>
</td>
</tr>
<tr class="tag-test-status" status="fail">
<td><span class="badge log fail-bg">Fail</span></td>
<td>14:46:02 PM</td>
<td>
<a href="#" class="linked" test-id='51' id='81'>Verify Change Billing Method to Debit or Credit card</a>
<div class="">
<span class="badge badge-default">Test Settings Functionality.Verify Change Billing Method to Debit or Credit card</span>
</div>
</td>
</tr>
<tr class="tag-test-status" status="fail">
<td><span class="badge log fail-bg">Fail</span></td>
<td>14:46:57 PM</td>
<td>
<a href="#" class="linked" test-id='51' id='93'>Verify Marketing Functionality of Settings Page</a>
<div class="">
<span class="badge badge-default">Test Settings Functionality.Verify Marketing Functionality of Settings Page</span>
</div>
</td>
</tr>
<tr class="tag-test-status" status="fail">
<td><span class="badge log fail-bg">Fail</span></td>
<td>14:47:57 PM</td>
<td>
<a href="#" class="linked" test-id='51' id='105'>Verify Settings Functionality of Settings Page</a>
<div class="">
<span class="badge badge-default">Test Settings Functionality.Verify Settings Functionality of Settings Page</span>
</div>
</td>
</tr>
</tbody>
</table>
</div>
</li>
<li class="test-item">
<div class="test-detail">
<span class="meta">
<span class='badge log pass-bg'>1</span>
</span>
<p class="name">@logout</p>
<p class="duration text-sm">1 tests</p>
</div>
<div class="test-contents d-none">
<div class="info">
<h4>@logout</h4>
<span status="pass" class='badge log pass-bg'>1 passed</span>
</div>
<table class='table table-sm mt-4'>
<thead>
<tr>
<th class="status-col">Status</th>
<th class="timestamp-col">Timestamp</th>
<th>TestName</th>
</tr>
</thead>
<tbody>
<tr class="tag-test-status" status="pass">
<td><span class="badge log pass-bg">Pass</span></td>
<td>14:42:53 PM</td>
<td>
<a href="#" class="linked" test-id='46' id='47'>Verify Logout Functionality</a>
<div class="">
<span class="badge badge-default">Test Log Out Functionality.Verify Logout Functionality</span>
</div>
</td>
</tr>
</tbody>
</table>
</div>
</li>
<li class="test-item">
<div class="test-detail">
<span class="meta">
<span class='badge log pass-bg'>1</span>
</span>
<p class="name">@common</p>
<p class="duration text-sm">1 tests</p>
</div>
<div class="test-contents d-none">
<div class="info">
<h4>@common</h4>
<span status="pass" class='badge log pass-bg'>1 passed</span>
</div>
<table class='table table-sm mt-4'>
<thead>
<tr>
<th class="status-col">Status</th>
<th class="timestamp-col">Timestamp</th>
<th>TestName</th>
</tr>
</thead>
<tbody>
<tr class="tag-test-status" status="pass">
<td><span class="badge log pass-bg">Pass</span></td>
<td>14:35:06 PM</td>
<td>
<a href="#" class="linked" test-id='1' id='2'>Verify Load Functionality of Physical Card</a>
<div class="">
<span class="badge badge-default">Test functionality of Card page.Verify Load Functionality of Physical Card</span>
</div>
</td>
</tr>
</tbody>
</table>
</div>
</li>
<li class="test-item">
<div class="test-detail">
<span class="meta">
<span class='badge log pass-bg'>1</span>
</span>
<p class="name">@tag2</p>
<p class="duration text-sm">1 tests</p>
</div>
<div class="test-contents d-none">
<div class="info">
<h4>@tag2</h4>
<span status="pass" class='badge log pass-bg'>1 passed</span>
</div>
<table class='table table-sm mt-4'>
<thead>
<tr>
<th class="status-col">Status</th>
<th class="timestamp-col">Timestamp</th>
<th>TestName</th>
</tr>
</thead>
<tbody>
<tr class="tag-test-status" status="pass">
<td><span class="badge log pass-bg">Pass</span></td>
<td>14:39:18 PM</td>
<td>
<a href="#" class="linked" test-id='22' id='30'>Verify Payment Methode Work Perfectly</a>
<div class="">
<span class="badge badge-default">Functionality Test For Instance Rewards Feature.Verify Payment Methode Work Perfectly</span>
</div>
</td>
</tr>
</tbody>
</table>
</div>
</li>
<li class="test-item">
<div class="test-detail">
<span class="meta">
<span class='badge log badge-danger'>1</span>
</span>
<p class="name">@vip2</p>
<p class="duration text-sm">1 tests</p>
</div>
<div class="test-contents d-none">
<div class="info">
<h4>@vip2</h4>
<span status="fail" class='badge log badge-danger'>1 failed</span>
</div>
<table class='table table-sm mt-4'>
<thead>
<tr>
<th class="status-col">Status</th>
<th class="timestamp-col">Timestamp</th>
<th>TestName</th>
</tr>
</thead>
<tbody>
<tr class="tag-test-status" status="fail">
<td><span class="badge log fail-bg">Fail</span></td>
<td>14:50:10 PM</td>
<td>
<a href="#" class="linked" test-id='127' id='128'>Test Signup Functionality for VIP plan for Non-US Members</a>
<div class="">
<span class="badge badge-default">Test Signup Functionality for Non-US Members.Test Signup Functionality for VIP plan for Non-US Members</span>
</div>
</td>
</tr>
</tbody>
</table>
</div>
</li>
</ul>
</div>
</div>
<div class="test-content scrollable">
<div class="test-content-detail">
<div class="detail-body"></div>
</div>
</div>
</div><div class="container-fluid p-4 view dashboard-view">
<div class="row">
<div class="col-md-3">
<div class="card"><div class="card-body">
<p class="m-b-0">Started</p>
<h3>Feb 3, 2023 02:35:06 PM</h3>
</div></div>
</div>
<div class="col-md-3">
<div class="card"><div class="card-body">
<p class="m-b-0">Ended</p>
<h3>Feb 3, 2023 02:53:14 PM</h3>
</div></div>
</div>
<div class="col-md-3">
<div class="card"><div class="card-body">
<p class="m-b-0 text-pass">Features Passed</p>
<h3>3</h3>
</div></div>
</div>
<div class="col-md-3">
<div class="card"><div class="card-body">
<p class="m-b-0 text-fail">Features Failed</p>
<h3>6</h3>
</div></div>
</div>
</div>
<div class="row">
<div class="col-md-4">
<div class="card">
<div class="card-header">
<h6 class="card-title">Features</h6>
</div>
<div class="card-body">
<div class="">
<canvas id='parent-analysis' width='115' height='90'></canvas>
</div>
</div>
<div class="card-footer">
<div><small data-tooltip='33%'>
<b>3</b> features passed
</small>
</div>
<div>
<small data-tooltip='66%'><b>6</b> features failed,
<b>0</b> skipped, <b data-tooltip='0%'>0</b> others
</small>
</div>
</div>
</div>
</div>
<div class="col-md-4">
<div class="card">
<div class="card-header">
<h6 class="card-title">Scenarios</h6>
</div>
<div class="card-body">
<div class="">
<canvas id='child-analysis' width='115' height='90'></canvas>
</div>
</div>
<div class="card-footer">
<div><small data-tooltip='37%'><b>6</b> scenarios passed</small></div>
<div>
<small data-tooltip='62%'><b>10</b> scenarios failed,
<b>0</b> skipped, <b data-tooltip='%'>0</b> others
</small>
</div>
</div>
</div>
</div>
<div class="col-md-4">
<div class="card">
<div class="card-header">
<h6 class="card-title">Steps</h6>
</div>
<div class="card-body">
<div class="">
<canvas id='grandchild-analysis' width='115' height='90'></canvas>
</div>
</div>
<div class="card-footer">
<div><small data-tooltip='57%'><b>74</b> steps passed</small></div>
<div>
<small data-tooltip='7%'><b>10</b> steps failed,
<b>45</b> skipped, <b data-tooltip='%'>0</b> others
</small>
</div>
</div>
</div>
</div>
</div>
<div class="row"><div class="col-md-12">
<div class="card"><div class="card-header"><p>Timeline</p></div>
<div class="card-body pt-0"><div>
<canvas id="timeline" height="120"></canvas>
</div></div>
</div>
</div></div>
<script>
var timeline = {
"Test functionality of Card page":74.785,"Functionality Test For Concierge Feature":83.457,"Functionality Test For Instance Rewards Feature":307.243,"Test Log Out Functionality":20.097,"Test Settings Functionality":335.701,"Functionality Test For Shopping Feature":81.001,"Test Signup Functionality for Non-US Members":83.371,"Test Signup Functionality for US Members":55.59,"Functionality Test For Travel Feature":45.33
};
</script>
<div class="row">
<div class="col-lg-6 col-md-12 category-container">
<div class="card">
<div class="card-header"><p>Tags</p></div>
<div class="card-body pb-0 pt-0"><table class="table table-sm table-bordered">
<thead><tr class="bg-gray"><th>Name</th><th>Passed</th><th>Failed</th><th>Skipped</th><th>Others</th><th>Passed %</th></tr></thead><tbody>
<tr>
<td>@tag3</td>
<td>1</td>
<td>0</td>
<td>0</td>
<td>0</td>
<td>100%</td>
</tr>
<tr>
<td>@vip</td>
<td>0</td>
<td>1</td>
<td>0</td>
<td>0</td>
<td>0%</td>
</tr>
<tr>
<td>@tag1</td>
<td>1</td>
<td>0</td>
<td>0</td>
<td>0</td>
<td>100%</td>
</tr>
<tr>
<td>@t1</td>
<td>1</td>
<td>0</td>
<td>0</td>
<td>0</td>
<td>100%</td>
</tr>
<tr>
<td>@settings</td>
<td>1</td>
<td>5</td>
<td>0</td>
<td>0</td>
<td>16.667%</td>
</tr>
<tr>
<td>@logout</td>
<td>1</td>
<td>0</td>
<td>0</td>
<td>0</td>
<td>100%</td>
</tr>
<tr>
<td>@common</td>
<td>1</td>
<td>0</td>
<td>0</td>
<td>0</td>
<td>100%</td>
</tr>
<tr>
<td>@tag2</td>
<td>1</td>
<td>0</td>
<td>0</td>
<td>0</td>
<td>100%</td>
</tr>
<tr>
<td>@vip2</td>
<td>0</td>
<td>1</td>
<td>0</td>
<td>0</td>
<td>0%</td>
</tr>
</tbody>
</table></div>
</div>
</div>
</div>
</div>
<script>
var statusGroup = {
parentCount: 5,
passParent: 3,
failParent: 6,
warningParent: 0,
skipParent: 0,
childCount: 5,
passChild: 6,
failChild: 10,
warningChild: 0,
skipChild: 0,
infoChild: 0,
grandChildCount: 5,
passGrandChild: 74,
failGrandChild: 10,
warningGrandChild: 0,
skipGrandChild: 45,
infoGrandChild: 0,
eventsCount: 5,
};
</script>        </div>
      </div>
    </div>
  </div>
<script src="https://cdn.jsdelivr.net/gh/extent-framework/extent-github-cdn@d6562a79075e061305ccfdb82f01e5e195e2d307/spark/js/spark-script.js"></script>
<script type="text/javascript"></script></body>
</html>